2026-03-31 20:29:36,180  INFO  Backfill starting — 526 tickers in DB, 0 already reach 2020-01-01
2026-03-31 20:29:36,180  INFO  526 tickers need backfilling
2026-03-31 20:29:36,180  INFO  [1/526] A  —  fetching 2020-01-01 → 2023-07-30  (currently starts 2023-07-31)
2026-03-31 20:29:49,537  INFO    A: no data returned for this range (free-tier limit likely reached)
2026-03-31 20:30:02,537  INFO  [2/526] AAPL  —  fetching 2020-01-01 → 2023-07-30  (currently starts 2023-07-31)
2026-03-31 20:30:15,771  INFO    AAPL: no data returned for this range (free-tier limit likely reached)
2026-03-31 20:30:28,772  INFO  [3/526] ABBV  —  fetching 2020-01-01 → 2023-07-30  (currently starts 2023-07-31)
2026-03-31 20:30:42,009  INFO    ABBV: no data returned for this range (free-tier limit likely reached)
2026-03-31 20:30:55,010  INFO  [4/526] ABNB  —  fetching 2020-01-01 → 2023-07-30  (currently starts 2023-07-31)
2026-03-31 20:31:08,284  INFO    ABNB: no data returned for this range (free-tier limit likely reached)
2026-03-31 20:31:21,285  INFO  [5/526] ABT  —  fetching 2020-01-01 → 2023-07-30  (currently starts 2023-07-31)
2026-03-31 20:31:34,559  INFO    ABT: no data returned for this range (free-tier limit likely reached)
2026-03-31 20:31:47,560  INFO  [6/526] ACGL  —  fetching 2020-01-01 → 2023-07-30  (currently starts 2023-07-31)
2026-03-31 20:32:00,795  INFO    ACGL: no data returned for this range (free-tier limit likely reached)
2026-03-31 20:32:13,795  INFO  [7/526] ACN  —  fetching 2020-01-01 → 2023-07-30  (currently starts 2023-07-31)
2026-03-31 20:32:27,077  INFO    ACN: no data returned for this range (free-tier limit likely reached)
2026-03-31 20:32:40,078  INFO  [8/526] ADBE  —  fetching 2020-01-01 → 2023-07-30  (currently starts 2023-07-31)
2026-03-31 20:32:53,316  INFO    ADBE: no data returned for this range (free-tier limit likely reached)
2026-03-31 20:33:06,316  INFO  [9/526] ADI  —  fetching 2020-01-01 → 2023-07-30  (currently starts 2023-07-31)
2026-03-31 20:33:19,553  INFO    ADI: no data returned for this range (free-tier limit likely reached)
2026-03-31 20:33:32,553  INFO  [10/526] ADM  —  fetching 2020-01-01 → 2023-07-30  (currently starts 2023-07-31)
2026-03-31 20:33:45,878  INFO    ADM: no data returned for this range (free-tier limit likely reached)
2026-03-31 20:33:58,878  INFO  [11/526] ADP  —  fetching 2020-01-01 → 2023-07-30  (currently starts 2023-07-31)
2026-03-31 20:34:12,109  INFO    ADP: no data returned for this range (free-tier limit likely reached)
2026-03-31 20:34:25,110  INFO  [12/526] ADSK  —  fetching 2020-01-01 → 2023-07-30  (currently starts 2023-07-31)
2026-03-31 20:34:38,343  INFO    ADSK: no data returned for this range (free-tier limit likely reached)
2026-03-31 20:34:51,344  INFO  [13/526] AEE  —  fetching 2020-01-01 → 2023-07-30  (currently starts 2023-07-31)
2026-03-31 20:35:04,624  INFO    AEE: no data returned for this range (free-tier limit likely reached)
2026-03-31 20:35:17,625  INFO  [14/526] AEP  —  fetching 2020-01-01 → 2023-07-30  (currently starts 2023-07-31)
2026-03-31 20:35:30,856  INFO    AEP: no data returned for this range (free-tier limit likely reached)
2026-03-31 20:35:43,857  INFO  [15/526] AES  —  fetching 2020-01-01 → 2023-07-30  (currently starts 2023-07-31)
2026-03-31 20:35:57,198  INFO    AES: no data returned for this range (free-tier limit likely reached)
2026-03-31 20:36:10,198  INFO  [16/526] AFL  —  fetching 2020-01-01 → 2023-07-30  (currently starts 2023-07-31)
2026-03-31 20:36:23,439  INFO    AFL: no data returned for this range (free-tier limit likely reached)
2026-03-31 20:36:36,440  INFO  [17/526] AIG  —  fetching 2020-01-01 → 2023-07-30  (currently starts 2023-07-31)
2026-03-31 20:36:49,672  INFO    AIG: no data returned for this range (free-tier limit likely reached)
2026-03-31 20:37:02,673  INFO  [18/526] AIZ  —  fetching 2020-01-01 → 2023-07-30  (currently starts 2023-07-31)
2026-03-31 20:37:15,949  INFO    AIZ: no data returned for this range (free-tier limit likely reached)
2026-03-31 20:37:28,950  INFO  [19/526] AJG  —  fetching 2020-01-01 → 2023-07-30  (currently starts 2023-07-31)
2026-03-31 20:37:42,187  INFO    AJG: no data returned for this range (free-tier limit likely reached)
2026-03-31 20:37:55,187  INFO  [20/526] AKAM  —  fetching 2020-01-01 → 2023-07-30  (currently starts 2023-07-31)
2026-03-31 20:38:08,420  INFO    AKAM: no data returned for this range (free-tier limit likely reached)
2026-03-31 20:38:21,421  INFO  [21/526] ALB  —  fetching 2020-01-01 → 2023-07-30  (currently starts 2023-07-31)
2026-03-31 20:38:34,775  INFO    ALB: no data returned for this range (free-tier limit likely reached)
2026-03-31 20:38:47,775  INFO  [22/526] ALGN  —  fetching 2020-01-01 → 2023-07-30  (currently starts 2023-07-31)
2026-03-31 20:39:01,010  INFO    ALGN: no data returned for this range (free-tier limit likely reached)
2026-03-31 20:39:14,011  INFO  [23/526] ALL  —  fetching 2020-01-01 → 2023-07-30  (currently starts 2023-07-31)
2026-03-31 20:39:27,247  INFO    ALL: no data returned for this range (free-tier limit likely reached)
2026-03-31 20:39:40,248  INFO  [24/526] ALLE  —  fetching 2020-01-01 → 2023-07-30  (currently starts 2023-07-31)
2026-03-31 20:39:53,516  INFO    ALLE: no data returned for this range (free-tier limit likely reached)
2026-03-31 20:40:06,517  INFO  [25/526] AMAT  —  fetching 2020-01-01 → 2023-07-30  (currently starts 2023-07-31)
2026-03-31 20:40:19,749  INFO    AMAT: no data returned for this range (free-tier limit likely reached)
2026-03-31 20:40:32,750  INFO  [26/526] AMCR  —  fetching 2020-01-01 → 2023-07-30  (currently starts 2023-07-31)
2026-03-31 20:40:46,031  INFO    AMCR: no data returned for this range (free-tier limit likely reached)
2026-03-31 20:40:59,032  INFO  [27/526] AMD  —  fetching 2020-01-01 → 2023-07-30  (currently starts 2023-07-31)
2026-03-31 20:41:12,312  INFO    AMD: no data returned for this range (free-tier limit likely reached)
2026-03-31 20:41:25,312  INFO  [28/526] AME  —  fetching 2020-01-01 → 2023-07-30  (currently starts 2023-07-31)
2026-03-31 20:41:38,583  INFO    AME: no data returned for this range (free-tier limit likely reached)
2026-03-31 20:41:51,584  INFO  [29/526] AMGN  —  fetching 2020-01-01 → 2023-07-30  (currently starts 2023-07-31)
2026-03-31 20:42:04,818  INFO    AMGN: no data returned for this range (free-tier limit likely reached)
2026-03-31 20:42:17,819  INFO  [30/526] AMP  —  fetching 2020-01-01 → 2023-07-30  (currently starts 2023-07-31)
2026-03-31 20:42:31,055  INFO    AMP: no data returned for this range (free-tier limit likely reached)
2026-03-31 20:42:44,055  INFO  [31/526] AMT  —  fetching 2020-01-01 → 2023-07-30  (currently starts 2023-07-31)
2026-03-31 20:42:57,323  INFO    AMT: no data returned for this range (free-tier limit likely reached)
2026-03-31 20:43:10,324  INFO  [32/526] AMZN  —  fetching 2020-01-01 → 2023-07-30  (currently starts 2023-07-31)
2026-03-31 20:43:23,663  INFO    AMZN: no data returned for this range (free-tier limit likely reached)
2026-03-31 20:43:36,664  INFO  [33/526] ANET  —  fetching 2020-01-01 → 2023-07-30  (currently starts 2023-07-31)
2026-03-31 20:43:49,897  INFO    ANET: no data returned for this range (free-tier limit likely reached)
2026-03-31 20:44:02,898  INFO  [34/526] AON  —  fetching 2020-01-01 → 2023-07-30  (currently starts 2023-07-31)
2026-03-31 20:44:16,128  INFO    AON: no data returned for this range (free-tier limit likely reached)
2026-03-31 20:44:29,128  INFO  [35/526] AOS  —  fetching 2020-01-01 → 2023-07-30  (currently starts 2023-07-31)
2026-03-31 20:44:42,404  INFO    AOS: no data returned for this range (free-tier limit likely reached)
2026-03-31 20:44:55,405  INFO  [36/526] APA  —  fetching 2020-01-01 → 2023-07-30  (currently starts 2023-07-31)
2026-03-31 20:45:08,638  INFO    APA: no data returned for this range (free-tier limit likely reached)
2026-03-31 20:45:21,639  INFO  [37/526] APD  —  fetching 2020-01-01 → 2023-07-30  (currently starts 2023-07-31)
2026-03-31 20:45:34,910  INFO    APD: no data returned for this range (free-tier limit likely reached)
2026-03-31 20:45:47,911  INFO  [38/526] APH  —  fetching 2020-01-01 → 2023-07-30  (currently starts 2023-07-31)
2026-03-31 20:46:01,144  INFO    APH: no data returned for this range (free-tier limit likely reached)
2026-03-31 20:46:14,145  INFO  [39/526] APO  —  fetching 2020-01-01 → 2023-07-30  (currently starts 2023-07-31)
2026-03-31 20:46:27,379  INFO    APO: no data returned for this range (free-tier limit likely reached)
2026-03-31 20:46:40,379  INFO  [40/526] APTV  —  fetching 2020-01-01 → 2023-07-30  (currently starts 2023-07-31)
2026-03-31 20:46:53,718  INFO    APTV: no data returned for this range (free-tier limit likely reached)
2026-03-31 20:47:06,719  INFO  [41/526] ARE  —  fetching 2020-01-01 → 2023-07-30  (currently starts 2023-07-31)
2026-03-31 20:47:19,952  INFO    ARE: no data returned for this range (free-tier limit likely reached)
2026-03-31 20:47:32,953  INFO  [42/526] ATO  —  fetching 2020-01-01 → 2023-07-30  (currently starts 2023-07-31)
2026-03-31 20:47:46,195  INFO    ATO: no data returned for this range (free-tier limit likely reached)
2026-03-31 20:47:59,196  INFO  [43/526] AVB  —  fetching 2020-01-01 → 2023-07-30  (currently starts 2023-07-31)
2026-03-31 20:48:12,469  INFO    AVB: no data returned for this range (free-tier limit likely reached)
2026-03-31 20:48:25,470  INFO  [44/526] AVGO  —  fetching 2020-01-01 → 2023-07-30  (currently starts 2023-07-31)
2026-03-31 20:48:38,705  INFO    AVGO: no data returned for this range (free-tier limit likely reached)
2026-03-31 20:48:51,705  INFO  [45/526] AVY  —  fetching 2020-01-01 → 2023-07-30  (currently starts 2023-07-31)
2026-03-31 20:49:04,941  INFO    AVY: no data returned for this range (free-tier limit likely reached)
2026-03-31 20:49:17,942  INFO  [46/526] AWK  —  fetching 2020-01-01 → 2023-07-30  (currently starts 2023-07-31)
2026-03-31 20:49:31,216  INFO    AWK: no data returned for this range (free-tier limit likely reached)
2026-03-31 20:49:44,216  INFO  [47/526] AXON  —  fetching 2020-01-01 → 2023-07-30  (currently starts 2023-07-31)
2026-03-31 20:49:57,551  INFO    AXON: no data returned for this range (free-tier limit likely reached)
2026-03-31 20:50:10,551  INFO  [48/526] AXP  —  fetching 2020-01-01 → 2023-07-30  (currently starts 2023-07-31)
2026-03-31 20:50:23,781  INFO    AXP: no data returned for this range (free-tier limit likely reached)
2026-03-31 20:50:36,782  INFO  [49/526] BA  —  fetching 2020-01-01 → 2023-07-30  (currently starts 2023-07-31)
2026-03-31 20:50:50,016  INFO    BA: no data returned for this range (free-tier limit likely reached)
2026-03-31 20:51:03,016  INFO  [50/526] BAC  —  fetching 2020-01-01 → 2023-07-30  (currently starts 2023-07-31)
2026-03-31 20:51:16,341  INFO    BAC: no data returned for this range (free-tier limit likely reached)
2026-03-31 20:51:29,342  INFO  [51/526] BALL  —  fetching 2020-01-01 → 2023-07-30  (currently starts 2023-07-31)
2026-03-31 20:51:42,679  INFO    BALL: no data returned for this range (free-tier limit likely reached)
2026-03-31 20:51:55,679  INFO  [52/526] BAX  —  fetching 2020-01-01 → 2023-07-30  (currently starts 2023-07-31)
2026-03-31 20:52:08,911  INFO    BAX: no data returned for this range (free-tier limit likely reached)
2026-03-31 20:52:21,912  INFO  [53/526] BBY  —  fetching 2020-01-01 → 2023-07-30  (currently starts 2023-07-31)
2026-03-31 20:52:35,145  INFO    BBY: no data returned for this range (free-tier limit likely reached)
2026-03-31 20:52:48,146  INFO  [54/526] BDX  —  fetching 2020-01-01 → 2023-07-30  (currently starts 2023-07-31)
2026-03-31 20:53:01,476  INFO    BDX: no data returned for this range (free-tier limit likely reached)
2026-03-31 20:53:14,476  INFO  [55/526] BEN  —  fetching 2020-01-01 → 2023-07-30  (currently starts 2023-07-31)
2026-03-31 20:53:27,709  INFO    BEN: no data returned for this range (free-tier limit likely reached)
2026-03-31 20:53:40,710  INFO  [56/526] BF.B  —  fetching 2020-01-01 → 2023-07-30  (currently starts 2023-07-31)
2026-03-31 20:53:53,944  INFO    BF.B: no data returned for this range (free-tier limit likely reached)
2026-03-31 20:54:06,945  INFO  [57/526] BG  —  fetching 2020-01-01 → 2023-07-30  (currently starts 2023-07-31)
2026-03-31 20:54:20,282  INFO    BG: no data returned for this range (free-tier limit likely reached)
2026-03-31 20:54:33,283  INFO  [58/526] BIIB  —  fetching 2020-01-01 → 2023-07-30  (currently starts 2023-07-31)
2026-03-31 20:54:46,520  INFO    BIIB: no data returned for this range (free-tier limit likely reached)
2026-03-31 20:54:59,521  INFO  [59/526] BK  —  fetching 2020-01-01 → 2023-07-30  (currently starts 2023-07-31)
2026-03-31 20:55:12,758  INFO    BK: no data returned for this range (free-tier limit likely reached)
2026-03-31 20:55:25,759  INFO  [60/526] BKNG  —  fetching 2020-01-01 → 2023-07-30  (currently starts 2023-07-31)
2026-03-31 20:55:39,027  INFO    BKNG: no data returned for this range (free-tier limit likely reached)
2026-03-31 20:55:52,027  INFO  [61/526] BKR  —  fetching 2020-01-01 → 2023-07-30  (currently starts 2023-07-31)
2026-03-31 20:56:05,258  INFO    BKR: no data returned for this range (free-tier limit likely reached)
2026-03-31 20:56:18,258  INFO  [62/526] BLDR  —  fetching 2020-01-01 → 2023-07-30  (currently starts 2023-07-31)
2026-03-31 20:56:31,537  INFO    BLDR: no data returned for this range (free-tier limit likely reached)
2026-03-31 20:56:44,537  INFO  [63/526] BLK  —  fetching 2020-01-01 → 2023-07-30  (currently starts 2023-07-31)
2026-03-31 20:56:57,771  INFO    BLK: no data returned for this range (free-tier limit likely reached)
2026-03-31 20:57:10,771  INFO  [64/526] BMY  —  fetching 2020-01-01 → 2023-07-30  (currently starts 2023-07-31)
2026-03-31 20:57:24,008  INFO    BMY: no data returned for this range (free-tier limit likely reached)
2026-03-31 20:57:37,009  INFO  [65/526] BR  —  fetching 2020-01-01 → 2023-07-30  (currently starts 2023-07-31)
2026-03-31 20:57:50,294  INFO    BR: no data returned for this range (free-tier limit likely reached)
2026-03-31 20:58:03,295  INFO  [66/526] BRK.B  —  fetching 2020-01-01 → 2023-07-30  (currently starts 2023-07-31)
2026-03-31 20:58:16,531  INFO    BRK.B: no data returned for this range (free-tier limit likely reached)
2026-03-31 20:58:29,531  INFO  [67/526] BRO  —  fetching 2020-01-01 → 2023-07-30  (currently starts 2023-07-31)
2026-03-31 20:58:42,800  INFO    BRO: no data returned for this range (free-tier limit likely reached)
2026-03-31 20:58:55,800  INFO  [68/526] BSX  —  fetching 2020-01-01 → 2023-07-30  (currently starts 2023-07-31)
2026-03-31 20:59:09,036  INFO    BSX: no data returned for this range (free-tier limit likely reached)
2026-03-31 20:59:22,037  INFO  [69/526] BX  —  fetching 2020-01-01 → 2023-07-30  (currently starts 2023-07-31)
2026-03-31 20:59:35,403  INFO    BX: no data returned for this range (free-tier limit likely reached)
2026-03-31 20:59:48,404  INFO  [70/526] BXP  —  fetching 2020-01-01 → 2023-07-30  (currently starts 2023-07-31)
2026-03-31 21:00:01,640  INFO    BXP: no data returned for this range (free-tier limit likely reached)
2026-03-31 21:00:14,641  INFO  [71/526] C  —  fetching 2020-01-01 → 2023-07-30  (currently starts 2023-07-31)
2026-03-31 21:00:27,901  INFO    C: no data returned for this range (free-tier limit likely reached)
2026-03-31 21:00:40,902  INFO  [72/526] CAG  —  fetching 2020-01-01 → 2023-07-30  (currently starts 2023-07-31)
2026-03-31 21:00:54,178  INFO    CAG: no data returned for this range (free-tier limit likely reached)
2026-03-31 21:01:07,179  INFO  [73/526] CAH  —  fetching 2020-01-01 → 2023-07-30  (currently starts 2023-07-31)
2026-03-31 21:01:20,412  INFO    CAH: no data returned for this range (free-tier limit likely reached)
2026-03-31 21:01:33,412  INFO  [74/526] CARR  —  fetching 2020-01-01 → 2023-07-30  (currently starts 2023-07-31)
2026-03-31 21:01:46,645  INFO    CARR: no data returned for this range (free-tier limit likely reached)
2026-03-31 21:01:59,645  INFO  [75/526] CAT  —  fetching 2020-01-01 → 2023-07-30  (currently starts 2023-07-31)
2026-03-31 21:02:12,923  INFO    CAT: no data returned for this range (free-tier limit likely reached)
2026-03-31 21:02:25,923  INFO  [76/526] CB  —  fetching 2020-01-01 → 2023-07-30  (currently starts 2023-07-31)
2026-03-31 21:02:39,160  INFO    CB: no data returned for this range (free-tier limit likely reached)
2026-03-31 21:02:52,160  INFO  [77/526] CBOE  —  fetching 2020-01-01 → 2023-07-30  (currently starts 2023-07-31)
2026-03-31 21:03:05,504  INFO    CBOE: no data returned for this range (free-tier limit likely reached)
2026-03-31 21:03:18,505  INFO  [78/526] CBRE  —  fetching 2020-01-01 → 2023-07-30  (currently starts 2023-07-31)
2026-03-31 21:03:31,741  INFO    CBRE: no data returned for this range (free-tier limit likely reached)
2026-03-31 21:03:44,741  INFO  [79/526] CCI  —  fetching 2020-01-01 → 2023-07-30  (currently starts 2023-07-31)
2026-03-31 21:03:58,022  INFO    CCI: no data returned for this range (free-tier limit likely reached)
2026-03-31 21:04:11,023  INFO  [80/526] CCL  —  fetching 2020-01-01 → 2023-07-30  (currently starts 2023-07-31)
2026-03-31 21:04:24,260  INFO    CCL: no data returned for this range (free-tier limit likely reached)
2026-03-31 21:04:37,261  INFO  [81/526] CDNS  —  fetching 2020-01-01 → 2023-07-30  (currently starts 2023-07-31)
2026-03-31 21:04:50,499  INFO    CDNS: no data returned for this range (free-tier limit likely reached)
2026-03-31 21:05:03,499  INFO  [82/526] CDW  —  fetching 2020-01-01 → 2023-07-30  (currently starts 2023-07-31)
2026-03-31 21:05:16,850  INFO    CDW: no data returned for this range (free-tier limit likely reached)
2026-03-31 21:05:29,851  INFO  [83/526] CEG  —  fetching 2020-01-01 → 2023-07-30  (currently starts 2023-07-31)
2026-03-31 21:05:43,083  INFO    CEG: no data returned for this range (free-tier limit likely reached)
2026-03-31 21:05:56,084  INFO  [84/526] CF  —  fetching 2020-01-01 → 2023-07-30  (currently starts 2023-07-31)
2026-03-31 21:06:09,326  INFO    CF: no data returned for this range (free-tier limit likely reached)
2026-03-31 21:06:22,326  INFO  [85/526] CFG  —  fetching 2020-01-01 → 2023-07-30  (currently starts 2023-07-31)
2026-03-31 21:06:35,596  INFO    CFG: no data returned for this range (free-tier limit likely reached)
2026-03-31 21:06:48,597  INFO  [86/526] CHD  —  fetching 2020-01-01 → 2023-07-30  (currently starts 2023-07-31)
2026-03-31 21:07:01,827  INFO    CHD: no data returned for this range (free-tier limit likely reached)
2026-03-31 21:07:14,827  INFO  [87/526] CHRW  —  fetching 2020-01-01 → 2023-07-30  (currently starts 2023-07-31)
2026-03-31 21:07:28,097  INFO    CHRW: no data returned for this range (free-tier limit likely reached)
2026-03-31 21:07:41,098  INFO  [88/526] CHTR  —  fetching 2020-01-01 → 2023-07-30  (currently starts 2023-07-31)
2026-03-31 21:07:54,337  INFO    CHTR: no data returned for this range (free-tier limit likely reached)
2026-03-31 21:08:07,337  INFO  [89/526] CI  —  fetching 2020-01-01 → 2023-07-30  (currently starts 2023-07-31)
2026-03-31 21:08:20,640  INFO    CI: no data returned for this range (free-tier limit likely reached)
2026-03-31 21:08:33,640  INFO  [90/526] CINF  —  fetching 2020-01-01 → 2023-07-30  (currently starts 2023-07-31)
2026-03-31 21:08:46,874  INFO    CINF: no data returned for this range (free-tier limit likely reached)
2026-03-31 21:08:59,874  INFO  [91/526] CL  —  fetching 2020-01-01 → 2023-07-30  (currently starts 2023-07-31)
2026-03-31 21:09:13,107  INFO    CL: no data returned for this range (free-tier limit likely reached)
2026-03-31 21:09:26,108  INFO  [92/526] CLX  —  fetching 2020-01-01 → 2023-07-30  (currently starts 2023-07-31)
2026-03-31 21:09:39,384  INFO    CLX: no data returned for this range (free-tier limit likely reached)
2026-03-31 21:09:52,384  INFO  [93/526] CMCSA  —  fetching 2020-01-01 → 2023-07-30  (currently starts 2023-07-31)
2026-03-31 21:10:05,621  INFO    CMCSA: no data returned for this range (free-tier limit likely reached)
2026-03-31 21:10:18,621  INFO  [94/526] CME  —  fetching 2020-01-01 → 2023-07-30  (currently starts 2023-07-31)
2026-03-31 21:10:31,860  INFO    CME: no data returned for this range (free-tier limit likely reached)
2026-03-31 21:10:44,861  INFO  [95/526] CMG  —  fetching 2020-01-01 → 2023-07-30  (currently starts 2023-07-31)
2026-03-31 21:10:58,165  INFO    CMG: no data returned for this range (free-tier limit likely reached)
2026-03-31 21:11:11,166  INFO  [96/526] CMI  —  fetching 2020-01-01 → 2023-07-30  (currently starts 2023-07-31)
2026-03-31 21:11:24,399  INFO    CMI: no data returned for this range (free-tier limit likely reached)
2026-03-31 21:11:37,399  INFO  [97/526] CMS  —  fetching 2020-01-01 → 2023-07-30  (currently starts 2023-07-31)
2026-03-31 21:11:50,635  INFO    CMS: no data returned for this range (free-tier limit likely reached)
2026-03-31 21:12:03,635  INFO  [98/526] CNC  —  fetching 2020-01-01 → 2023-07-30  (currently starts 2023-07-31)
2026-03-31 21:12:16,912  INFO    CNC: no data returned for this range (free-tier limit likely reached)
2026-03-31 21:12:29,913  INFO  [99/526] CNP  —  fetching 2020-01-01 → 2023-07-30  (currently starts 2023-07-31)
2026-03-31 21:12:43,150  INFO    CNP: no data returned for this range (free-tier limit likely reached)
2026-03-31 21:12:56,151  INFO  [100/526] COF  —  fetching 2020-01-01 → 2023-07-30  (currently starts 2023-07-31)
2026-03-31 21:13:09,386  INFO    COF: no data returned for this range (free-tier limit likely reached)
2026-03-31 21:13:22,386  INFO  [101/526] COIN  —  fetching 2020-01-01 → 2023-07-30  (currently starts 2023-07-31)
2026-03-31 21:13:35,688  INFO    COIN: no data returned for this range (free-tier limit likely reached)
2026-03-31 21:13:48,689  INFO  [102/526] COO  —  fetching 2020-01-01 → 2023-07-30  (currently starts 2023-07-31)
2026-03-31 21:14:01,926  INFO    COO: no data returned for this range (free-tier limit likely reached)
2026-03-31 21:14:14,927  INFO  [103/526] COP  —  fetching 2020-01-01 → 2023-07-30  (currently starts 2023-07-31)
2026-03-31 21:14:28,186  INFO    COP: no data returned for this range (free-tier limit likely reached)
2026-03-31 21:14:41,187  INFO  [104/526] COR  —  fetching 2020-01-01 → 2023-08-29  (currently starts 2023-08-30)
2026-03-31 21:14:54,509  INFO    COR: no data returned for this range (free-tier limit likely reached)
2026-03-31 21:15:07,510  INFO  [105/526] COST  —  fetching 2020-01-01 → 2023-07-30  (currently starts 2023-07-31)
2026-03-31 21:15:20,743  INFO    COST: no data returned for this range (free-tier limit likely reached)
2026-03-31 21:15:33,743  INFO  [106/526] CPAY  —  fetching 2020-01-01 → 2024-03-24  (currently starts 2024-03-25)
2026-03-31 21:15:46,983  INFO    CPAY: no data returned for this range (free-tier limit likely reached)
2026-03-31 21:15:59,983  INFO  [107/526] CPB  —  fetching 2020-01-01 → 2023-07-30  (currently starts 2023-07-31)
2026-03-31 21:16:13,264  INFO    CPB: no data returned for this range (free-tier limit likely reached)
2026-03-31 21:16:26,264  INFO  [108/526] CPRT  —  fetching 2020-01-01 → 2023-07-30  (currently starts 2023-07-31)
2026-03-31 21:16:39,632  INFO    CPRT: no data returned for this range (free-tier limit likely reached)
2026-03-31 21:16:52,632  INFO  [109/526] CPT  —  fetching 2020-01-01 → 2023-07-30  (currently starts 2023-07-31)
2026-03-31 21:17:05,865  INFO    CPT: no data returned for this range (free-tier limit likely reached)
2026-03-31 21:17:18,865  INFO  [110/526] CRL  —  fetching 2020-01-01 → 2023-07-30  (currently starts 2023-07-31)
2026-03-31 21:17:32,099  INFO    CRL: no data returned for this range (free-tier limit likely reached)
2026-03-31 21:17:45,099  INFO  [111/526] CRM  —  fetching 2020-01-01 → 2023-07-30  (currently starts 2023-07-31)
2026-03-31 21:17:58,449  INFO    CRM: no data returned for this range (free-tier limit likely reached)
2026-03-31 21:18:11,450  INFO  [112/526] CRWD  —  fetching 2020-01-01 → 2023-07-30  (currently starts 2023-07-31)
2026-03-31 21:18:24,681  INFO    CRWD: no data returned for this range (free-tier limit likely reached)
2026-03-31 21:18:37,681  INFO  [113/526] CSCO  —  fetching 2020-01-01 → 2023-07-30  (currently starts 2023-07-31)
2026-03-31 21:18:50,962  INFO    CSCO: no data returned for this range (free-tier limit likely reached)
2026-03-31 21:19:03,963  INFO  [114/526] CSGP  —  fetching 2020-01-01 → 2023-07-30  (currently starts 2023-07-31)
2026-03-31 21:19:17,227  INFO    CSGP: no data returned for this range (free-tier limit likely reached)
2026-03-31 21:19:30,228  INFO  [115/526] CSX  —  fetching 2020-01-01 → 2023-07-30  (currently starts 2023-07-31)
2026-03-31 21:19:43,474  INFO    CSX: no data returned for this range (free-tier limit likely reached)
2026-03-31 21:19:56,475  INFO  [116/526] CTAS  —  fetching 2020-01-01 → 2023-07-30  (currently starts 2023-07-31)
2026-03-31 21:20:09,712  INFO    CTAS: no data returned for this range (free-tier limit likely reached)
2026-03-31 21:20:22,713  INFO  [117/526] CTRA  —  fetching 2020-01-01 → 2023-07-30  (currently starts 2023-07-31)
2026-03-31 21:20:36,044  INFO    CTRA: no data returned for this range (free-tier limit likely reached)
2026-03-31 21:20:49,044  INFO  [118/526] CTSH  —  fetching 2020-01-01 → 2023-07-30  (currently starts 2023-07-31)
2026-03-31 21:21:02,281  INFO    CTSH: no data returned for this range (free-tier limit likely reached)
2026-03-31 21:21:15,281  INFO  [119/526] CTVA  —  fetching 2020-01-01 → 2023-07-30  (currently starts 2023-07-31)
2026-03-31 21:21:28,572  INFO    CTVA: no data returned for this range (free-tier limit likely reached)
2026-03-31 21:21:41,573  INFO  [120/526] CVS  —  fetching 2020-01-01 → 2023-07-30  (currently starts 2023-07-31)
2026-03-31 21:21:54,859  INFO    CVS: no data returned for this range (free-tier limit likely reached)
2026-03-31 21:22:07,859  INFO  [121/526] CVX  —  fetching 2020-01-01 → 2023-07-30  (currently starts 2023-07-31)
2026-03-31 21:22:21,094  INFO    CVX: no data returned for this range (free-tier limit likely reached)
2026-03-31 21:22:34,095  INFO  [122/526] CZR  —  fetching 2020-01-01 → 2023-07-30  (currently starts 2023-07-31)
2026-03-31 21:22:47,330  INFO    CZR: no data returned for this range (free-tier limit likely reached)
2026-03-31 21:23:00,330  INFO  [123/526] D  —  fetching 2020-01-01 → 2023-07-30  (currently starts 2023-07-31)
2026-03-31 21:23:13,613  INFO    D: no data returned for this range (free-tier limit likely reached)
2026-03-31 21:23:26,614  INFO  [124/526] DAL  —  fetching 2020-01-01 → 2023-07-30  (currently starts 2023-07-31)
2026-03-31 21:23:39,849  INFO    DAL: no data returned for this range (free-tier limit likely reached)
2026-03-31 21:23:52,850  INFO  [125/526] DASH  —  fetching 2020-01-01 → 2023-07-30  (currently starts 2023-07-31)
2026-03-31 21:24:06,093  INFO    DASH: no data returned for this range (free-tier limit likely reached)
2026-03-31 21:24:19,093  INFO  [126/526] DAY  —  fetching 2020-01-01 → 2024-01-31  (currently starts 2024-02-01)
2026-03-31 21:24:32,432  INFO    DAY: no data returned for this range (free-tier limit likely reached)
2026-03-31 21:24:45,432  INFO  [127/526] DBC  —  fetching 2020-01-01 → 2023-08-13  (currently starts 2023-08-14)
2026-03-31 21:24:58,742  INFO    DBC: no data returned for this range (free-tier limit likely reached)
2026-03-31 21:25:11,743  INFO  [128/526] DD  —  fetching 2020-01-01 → 2023-07-30  (currently starts 2023-07-31)
2026-03-31 21:25:24,982  INFO    DD: no data returned for this range (free-tier limit likely reached)
2026-03-31 21:25:37,982  INFO  [129/526] DDOG  —  fetching 2020-01-01 → 2023-07-30  (currently starts 2023-07-31)
2026-03-31 21:25:51,259  INFO    DDOG: no data returned for this range (free-tier limit likely reached)
2026-03-31 21:26:04,259  INFO  [130/526] DE  —  fetching 2020-01-01 → 2023-07-30  (currently starts 2023-07-31)
2026-03-31 21:35:43,749  WARNING    DE: fetch failed — HTTPSConnectionPool(host='api.polygon.io', port=443): Max retries exceeded with url: /v2/aggs/ticker/DE/range/1/day/2020-01-01/2023-07-30?adjusted=true&sort=asc&limit=50000&apiKey=jg2eLsXS4qQz3_7Sm6ehprrEZNNfKVuT (Caused by NameResolutionError("HTTPSConnection(host='api.polygon.io', port=443): Failed to resolve 'api.polygon.io' ([Errno 11001] getaddrinfo failed)"))
2026-03-31 21:35:56,750  INFO  [131/526] DECK  —  fetching 2020-01-01 → 2023-07-30  (currently starts 2023-07-31)
2026-03-31 21:36:10,083  INFO    DECK: no data returned for this range (free-tier limit likely reached)
2026-03-31 21:36:23,083  INFO  [132/526] DELL  —  fetching 2020-01-01 → 2023-07-30  (currently starts 2023-07-31)
2026-03-31 21:36:36,306  INFO    DELL: no data returned for this range (free-tier limit likely reached)
2026-03-31 21:36:49,306  INFO  [133/526] DG  —  fetching 2020-01-01 → 2023-07-30  (currently starts 2023-07-31)
2026-03-31 21:37:02,528  INFO    DG: no data returned for this range (free-tier limit likely reached)
2026-03-31 21:37:15,528  INFO  [134/526] DGX  —  fetching 2020-01-01 → 2023-07-30  (currently starts 2023-07-31)
2026-03-31 21:37:28,869  INFO    DGX: no data returned for this range (free-tier limit likely reached)
2026-03-31 21:37:41,870  INFO  [135/526] DHI  —  fetching 2020-01-01 → 2023-07-30  (currently starts 2023-07-31)
2026-03-31 21:37:55,109  INFO    DHI: no data returned for this range (free-tier limit likely reached)
2026-03-31 21:38:08,109  INFO  [136/526] DHR  —  fetching 2020-01-01 → 2023-07-30  (currently starts 2023-07-31)
2026-03-31 21:38:21,427  INFO    DHR: no data returned for this range (free-tier limit likely reached)
2026-03-31 21:38:34,427  INFO  [137/526] DIA  —  fetching 2020-01-01 → 2023-08-13  (currently starts 2023-08-14)
2026-03-31 21:38:47,681  INFO    DIA: no data returned for this range (free-tier limit likely reached)
2026-03-31 21:39:00,681  INFO  [138/526] DIS  —  fetching 2020-01-01 → 2023-07-30  (currently starts 2023-07-31)
2026-03-31 21:39:13,930  INFO    DIS: no data returned for this range (free-tier limit likely reached)
2026-03-31 21:39:26,930  INFO  [139/526] DLR  —  fetching 2020-01-01 → 2023-07-30  (currently starts 2023-07-31)
2026-03-31 21:39:40,275  INFO    DLR: no data returned for this range (free-tier limit likely reached)
2026-03-31 21:39:53,275  INFO  [140/526] DLTR  —  fetching 2020-01-01 → 2023-07-30  (currently starts 2023-07-31)
2026-03-31 21:40:06,511  INFO    DLTR: no data returned for this range (free-tier limit likely reached)
2026-03-31 21:40:19,512  INFO  [141/526] DOC  —  fetching 2020-01-01 → 2023-07-30  (currently starts 2023-07-31)
2026-03-31 21:40:32,749  INFO    DOC: no data returned for this range (free-tier limit likely reached)
2026-03-31 21:40:45,750  INFO  [142/526] DOV  —  fetching 2020-01-01 → 2023-07-30  (currently starts 2023-07-31)
2026-03-31 21:40:59,026  INFO    DOV: no data returned for this range (free-tier limit likely reached)
2026-03-31 21:41:12,026  INFO  [143/526] DOW  —  fetching 2020-01-01 → 2023-07-30  (currently starts 2023-07-31)
2026-03-31 21:41:25,259  INFO    DOW: no data returned for this range (free-tier limit likely reached)
2026-03-31 21:41:38,260  INFO  [144/526] DPZ  —  fetching 2020-01-01 → 2023-07-30  (currently starts 2023-07-31)
2026-03-31 21:41:51,500  INFO    DPZ: no data returned for this range (free-tier limit likely reached)
2026-03-31 21:42:04,500  INFO  [145/526] DRI  —  fetching 2020-01-01 → 2023-07-30  (currently starts 2023-07-31)
2026-03-31 21:42:17,795  INFO    DRI: no data returned for this range (free-tier limit likely reached)
2026-03-31 21:42:30,795  INFO  [146/526] DTE  —  fetching 2020-01-01 → 2023-07-30  (currently starts 2023-07-31)
2026-03-31 21:42:44,084  INFO    DTE: no data returned for this range (free-tier limit likely reached)
2026-03-31 21:42:57,084  INFO  [147/526] DUK  —  fetching 2020-01-01 → 2023-07-30  (currently starts 2023-07-31)
2026-03-31 21:43:10,323  INFO    DUK: no data returned for this range (free-tier limit likely reached)
2026-03-31 21:43:23,324  INFO  [148/526] DVA  —  fetching 2020-01-01 → 2023-07-30  (currently starts 2023-07-31)
2026-03-31 21:43:36,691  INFO    DVA: no data returned for this range (free-tier limit likely reached)
2026-03-31 21:43:49,691  INFO  [149/526] DVN  —  fetching 2020-01-01 → 2023-07-30  (currently starts 2023-07-31)
2026-03-31 21:44:02,926  INFO    DVN: no data returned for this range (free-tier limit likely reached)
2026-03-31 21:44:15,926  INFO  [150/526] DXCM  —  fetching 2020-01-01 → 2023-07-30  (currently starts 2023-07-31)
2026-03-31 21:44:29,163  INFO    DXCM: no data returned for this range (free-tier limit likely reached)
2026-03-31 21:44:42,163  INFO  [151/526] EA  —  fetching 2020-01-01 → 2023-07-30  (currently starts 2023-07-31)
2026-03-31 21:44:55,442  INFO    EA: no data returned for this range (free-tier limit likely reached)
2026-03-31 21:45:08,442  INFO  [152/526] EBAY  —  fetching 2020-01-01 → 2023-07-30  (currently starts 2023-07-31)
2026-03-31 21:45:21,682  INFO    EBAY: no data returned for this range (free-tier limit likely reached)
2026-03-31 21:45:34,682  INFO  [153/526] ECL  —  fetching 2020-01-01 → 2023-07-30  (currently starts 2023-07-31)
2026-03-31 21:45:47,917  INFO    ECL: no data returned for this range (free-tier limit likely reached)
2026-03-31 21:46:00,917  INFO  [154/526] ED  —  fetching 2020-01-01 → 2023-07-30  (currently starts 2023-07-31)
2026-03-31 21:46:14,272  INFO    ED: no data returned for this range (free-tier limit likely reached)
2026-03-31 21:46:27,273  INFO  [155/526] EEM  —  fetching 2020-01-01 → 2023-08-13  (currently starts 2023-08-14)
2026-03-31 21:46:40,509  INFO    EEM: no data returned for this range (free-tier limit likely reached)
2026-03-31 21:46:53,509  INFO  [156/526] EFA  —  fetching 2020-01-01 → 2023-08-13  (currently starts 2023-08-14)
2026-03-31 21:47:06,751  INFO    EFA: no data returned for this range (free-tier limit likely reached)
2026-03-31 21:47:19,752  INFO  [157/526] EFX  —  fetching 2020-01-01 → 2023-07-30  (currently starts 2023-07-31)
2026-03-31 21:47:33,034  INFO    EFX: no data returned for this range (free-tier limit likely reached)
2026-03-31 21:47:46,034  INFO  [158/526] EG  —  fetching 2020-01-01 → 2023-07-30  (currently starts 2023-07-31)
2026-03-31 21:47:59,268  INFO    EG: no data returned for this range (free-tier limit likely reached)
2026-03-31 21:48:12,269  INFO  [159/526] EIX  —  fetching 2020-01-01 → 2023-07-30  (currently starts 2023-07-31)
2026-03-31 21:48:25,552  INFO    EIX: no data returned for this range (free-tier limit likely reached)
2026-03-31 21:48:38,552  INFO  [160/526] EL  —  fetching 2020-01-01 → 2023-07-30  (currently starts 2023-07-31)
2026-03-31 21:48:51,796  INFO    EL: no data returned for this range (free-tier limit likely reached)
2026-03-31 21:49:04,796  INFO  [161/526] ELV  —  fetching 2020-01-01 → 2023-07-30  (currently starts 2023-07-31)
2026-03-31 21:49:18,048  INFO    ELV: no data returned for this range (free-tier limit likely reached)
2026-03-31 21:49:31,048  INFO  [162/526] EMN  —  fetching 2020-01-01 → 2023-07-30  (currently starts 2023-07-31)
2026-03-31 21:49:44,410  INFO    EMN: no data returned for this range (free-tier limit likely reached)
2026-03-31 21:49:57,410  INFO  [163/526] EMR  —  fetching 2020-01-01 → 2023-07-30  (currently starts 2023-07-31)
2026-03-31 21:50:10,645  INFO    EMR: no data returned for this range (free-tier limit likely reached)
2026-03-31 21:50:23,645  INFO  [164/526] ENPH  —  fetching 2020-01-01 → 2023-07-30  (currently starts 2023-07-31)
2026-03-31 21:50:36,886  INFO    ENPH: no data returned for this range (free-tier limit likely reached)
2026-03-31 21:50:49,886  INFO  [165/526] EOG  —  fetching 2020-01-01 → 2023-07-30  (currently starts 2023-07-31)
2026-03-31 21:51:03,164  INFO    EOG: no data returned for this range (free-tier limit likely reached)
2026-03-31 21:51:16,164  INFO  [166/526] EPAM  —  fetching 2020-01-01 → 2023-07-30  (currently starts 2023-07-31)
2026-03-31 21:51:29,399  INFO    EPAM: no data returned for this range (free-tier limit likely reached)
2026-03-31 21:51:42,399  INFO  [167/526] EQIX  —  fetching 2020-01-01 → 2023-07-30  (currently starts 2023-07-31)
2026-03-31 21:51:55,629  INFO    EQIX: no data returned for this range (free-tier limit likely reached)
2026-03-31 21:52:08,629  INFO  [168/526] EQR  —  fetching 2020-01-01 → 2023-07-30  (currently starts 2023-07-31)
2026-03-31 21:52:21,894  INFO    EQR: no data returned for this range (free-tier limit likely reached)
2026-03-31 21:52:34,894  INFO  [169/526] EQT  —  fetching 2020-01-01 → 2023-07-30  (currently starts 2023-07-31)
2026-03-31 21:52:48,170  INFO    EQT: no data returned for this range (free-tier limit likely reached)
2026-03-31 21:53:01,170  INFO  [170/526] ERIE  —  fetching 2020-01-01 → 2023-07-30  (currently starts 2023-07-31)
2026-03-31 21:53:14,591  INFO    ERIE: no data returned for this range (free-tier limit likely reached)
2026-03-31 21:53:27,591  INFO  [171/526] ES  —  fetching 2020-01-01 → 2023-07-30  (currently starts 2023-07-31)
2026-03-31 21:53:40,825  INFO    ES: no data returned for this range (free-tier limit likely reached)
2026-03-31 21:53:53,825  INFO  [172/526] ESS  —  fetching 2020-01-01 → 2023-07-30  (currently starts 2023-07-31)
2026-03-31 21:54:07,091  INFO    ESS: no data returned for this range (free-tier limit likely reached)
2026-03-31 21:54:20,091  INFO  [173/526] ETN  —  fetching 2020-01-01 → 2023-07-30  (currently starts 2023-07-31)
2026-03-31 21:54:33,410  INFO    ETN: no data returned for this range (free-tier limit likely reached)
2026-03-31 21:54:46,410  INFO  [174/526] ETR  —  fetching 2020-01-01 → 2023-07-30  (currently starts 2023-07-31)
2026-03-31 21:54:59,648  INFO    ETR: no data returned for this range (free-tier limit likely reached)
2026-03-31 21:55:12,648  INFO  [175/526] EVRG  —  fetching 2020-01-01 → 2023-07-30  (currently starts 2023-07-31)
2026-03-31 21:55:25,887  INFO    EVRG: no data returned for this range (free-tier limit likely reached)
2026-03-31 21:55:38,887  INFO  [176/526] EW  —  fetching 2020-01-01 → 2023-07-30  (currently starts 2023-07-31)
2026-03-31 21:55:52,168  INFO    EW: no data returned for this range (free-tier limit likely reached)
2026-03-31 21:56:05,169  INFO  [177/526] EXC  —  fetching 2020-01-01 → 2023-07-30  (currently starts 2023-07-31)
2026-03-31 21:56:18,476  INFO    EXC: no data returned for this range (free-tier limit likely reached)
2026-03-31 21:56:31,476  INFO  [178/526] EXE  —  fetching 2020-01-01 → 2024-10-01  (currently starts 2024-10-02)
2026-03-31 21:56:44,809  INFO    EXE: no data returned for this range (free-tier limit likely reached)
2026-03-31 21:56:57,809  INFO  [179/526] EXPD  —  fetching 2020-01-01 → 2023-07-30  (currently starts 2023-07-31)
2026-03-31 21:57:11,042  INFO    EXPD: no data returned for this range (free-tier limit likely reached)
2026-03-31 21:57:24,043  INFO  [180/526] EXPE  —  fetching 2020-01-01 → 2023-07-30  (currently starts 2023-07-31)
2026-03-31 21:57:37,278  INFO    EXPE: no data returned for this range (free-tier limit likely reached)
2026-03-31 21:57:50,278  INFO  [181/526] EXR  —  fetching 2020-01-01 → 2023-07-30  (currently starts 2023-07-31)
2026-03-31 21:58:03,562  INFO    EXR: no data returned for this range (free-tier limit likely reached)
2026-03-31 21:58:16,563  INFO  [182/526] F  —  fetching 2020-01-01 → 2023-07-30  (currently starts 2023-07-31)
2026-03-31 21:58:29,796  INFO    F: no data returned for this range (free-tier limit likely reached)
2026-03-31 21:58:42,797  INFO  [183/526] FANG  —  fetching 2020-01-01 → 2023-07-30  (currently starts 2023-07-31)
2026-03-31 21:58:56,076  INFO    FANG: no data returned for this range (free-tier limit likely reached)
2026-03-31 21:59:09,077  INFO  [184/526] FAST  —  fetching 2020-01-01 → 2023-07-30  (currently starts 2023-07-31)
2026-03-31 21:59:22,350  INFO    FAST: no data returned for this range (free-tier limit likely reached)
2026-03-31 21:59:35,350  INFO  [185/526] FCX  —  fetching 2020-01-01 → 2023-07-30  (currently starts 2023-07-31)
2026-03-31 21:59:48,582  INFO    FCX: no data returned for this range (free-tier limit likely reached)
2026-03-31 22:00:01,583  INFO  [186/526] FDS  —  fetching 2020-01-01 → 2023-07-30  (currently starts 2023-07-31)
2026-03-31 22:00:14,809  INFO    FDS: no data returned for this range (free-tier limit likely reached)
2026-03-31 22:00:27,809  INFO  [187/526] FDX  —  fetching 2020-01-01 → 2023-07-30  (currently starts 2023-07-31)
2026-03-31 22:00:41,090  INFO    FDX: no data returned for this range (free-tier limit likely reached)
2026-03-31 22:00:54,091  INFO  [188/526] FE  —  fetching 2020-01-01 → 2023-07-30  (currently starts 2023-07-31)
2026-03-31 22:01:07,328  INFO    FE: no data returned for this range (free-tier limit likely reached)
2026-03-31 22:01:20,329  INFO  [189/526] FFIV  —  fetching 2020-01-01 → 2023-07-30  (currently starts 2023-07-31)
2026-03-31 22:01:33,593  INFO    FFIV: no data returned for this range (free-tier limit likely reached)
2026-03-31 22:01:46,593  INFO  [190/526] FI  —  fetching 2020-01-01 → 2023-07-30  (currently starts 2023-07-31)
2026-03-31 22:01:59,858  INFO    FI: no data returned for this range (free-tier limit likely reached)
2026-03-31 22:02:12,858  INFO  [191/526] FICO  —  fetching 2020-01-01 → 2023-07-30  (currently starts 2023-07-31)
2026-03-31 22:02:26,120  INFO    FICO: no data returned for this range (free-tier limit likely reached)
2026-03-31 22:02:39,121  INFO  [192/526] FIS  —  fetching 2020-01-01 → 2023-07-30  (currently starts 2023-07-31)
2026-03-31 22:02:52,350  INFO    FIS: no data returned for this range (free-tier limit likely reached)
2026-03-31 22:03:05,350  INFO  [193/526] FITB  —  fetching 2020-01-01 → 2023-07-30  (currently starts 2023-07-31)
2026-03-31 22:03:18,637  INFO    FITB: no data returned for this range (free-tier limit likely reached)
2026-03-31 22:03:31,638  INFO  [194/526] FOX  —  fetching 2020-01-01 → 2023-07-30  (currently starts 2023-07-31)
2026-03-31 22:03:44,874  INFO    FOX: no data returned for this range (free-tier limit likely reached)
2026-03-31 22:03:57,874  INFO  [195/526] FOXA  —  fetching 2020-01-01 → 2023-07-30  (currently starts 2023-07-31)
2026-03-31 22:04:11,115  INFO    FOXA: no data returned for this range (free-tier limit likely reached)
2026-03-31 22:04:24,116  INFO  [196/526] FRT  —  fetching 2020-01-01 → 2023-07-30  (currently starts 2023-07-31)
2026-03-31 22:04:37,450  INFO    FRT: no data returned for this range (free-tier limit likely reached)
2026-03-31 22:04:50,451  INFO  [197/526] FSLR  —  fetching 2020-01-01 → 2023-07-30  (currently starts 2023-07-31)
2026-03-31 22:05:03,682  INFO    FSLR: no data returned for this range (free-tier limit likely reached)
2026-03-31 22:05:16,682  INFO  [198/526] FTNT  —  fetching 2020-01-01 → 2023-07-30  (currently starts 2023-07-31)
2026-03-31 22:05:29,917  INFO    FTNT: no data returned for this range (free-tier limit likely reached)
2026-03-31 22:05:42,918  INFO  [199/526] FTV  —  fetching 2020-01-01 → 2023-07-30  (currently starts 2023-07-31)
2026-03-31 22:05:56,197  INFO    FTV: no data returned for this range (free-tier limit likely reached)
2026-03-31 22:06:09,197  INFO  [200/526] GD  —  fetching 2020-01-01 → 2023-07-30  (currently starts 2023-07-31)
2026-03-31 22:06:22,429  INFO    GD: no data returned for this range (free-tier limit likely reached)
2026-03-31 22:06:35,429  INFO  [201/526] GDDY  —  fetching 2020-01-01 → 2023-07-30  (currently starts 2023-07-31)
2026-03-31 22:38:01,511  INFO    GDDY: no data returned for this range (free-tier limit likely reached)
2026-03-31 22:38:14,511  INFO  [202/526] GE  —  fetching 2020-01-01 → 2023-07-30  (currently starts 2023-07-31)
2026-03-31 22:38:27,743  INFO    GE: no data returned for this range (free-tier limit likely reached)
2026-03-31 22:38:40,744  INFO  [203/526] GEHC  —  fetching 2020-01-01 → 2023-07-30  (currently starts 2023-07-31)
2026-03-31 22:38:53,968  INFO    GEHC: no data returned for this range (free-tier limit likely reached)
2026-03-31 22:39:06,968  INFO  [204/526] GEN  —  fetching 2020-01-01 → 2023-07-30  (currently starts 2023-07-31)
2026-03-31 22:39:20,195  INFO    GEN: no data returned for this range (free-tier limit likely reached)
2026-03-31 22:39:33,196  INFO  [205/526] GEV  —  fetching 2020-01-01 → 2024-04-01  (currently starts 2024-04-02)
2026-03-31 22:39:46,506  INFO    GEV: no data returned for this range (free-tier limit likely reached)
2026-03-31 22:39:59,507  INFO  [206/526] GILD  —  fetching 2020-01-01 → 2023-07-30  (currently starts 2023-07-31)
2026-03-31 22:40:12,745  INFO    GILD: no data returned for this range (free-tier limit likely reached)
2026-03-31 22:40:25,745  INFO  [207/526] GIS  —  fetching 2020-01-01 → 2023-07-30  (currently starts 2023-07-31)
2026-03-31 22:40:38,989  INFO    GIS: no data returned for this range (free-tier limit likely reached)
2026-03-31 22:40:51,990  INFO  [208/526] GL  —  fetching 2020-01-01 → 2023-07-30  (currently starts 2023-07-31)
2026-03-31 22:41:05,236  INFO    GL: no data returned for this range (free-tier limit likely reached)
2026-03-31 22:41:18,237  INFO  [209/526] GLD  —  fetching 2020-01-01 → 2023-08-13  (currently starts 2023-08-14)
2026-03-31 22:41:31,472  INFO    GLD: no data returned for this range (free-tier limit likely reached)
2026-03-31 22:41:44,472  INFO  [210/526] GLW  —  fetching 2020-01-01 → 2023-07-30  (currently starts 2023-07-31)
2026-03-31 22:41:57,754  INFO    GLW: no data returned for this range (free-tier limit likely reached)
2026-03-31 22:42:10,754  INFO  [211/526] GM  —  fetching 2020-01-01 → 2023-07-30  (currently starts 2023-07-31)
2026-03-31 22:42:23,987  INFO    GM: no data returned for this range (free-tier limit likely reached)
2026-03-31 22:42:36,987  INFO  [212/526] GNRC  —  fetching 2020-01-01 → 2023-07-30  (currently starts 2023-07-31)
2026-03-31 22:42:50,223  INFO    GNRC: no data returned for this range (free-tier limit likely reached)
2026-03-31 22:43:03,224  INFO  [213/526] GOOG  —  fetching 2020-01-01 → 2023-07-30  (currently starts 2023-07-31)
2026-03-31 22:43:16,465  INFO    GOOG: no data returned for this range (free-tier limit likely reached)
2026-03-31 22:43:29,465  INFO  [214/526] GOOGL  —  fetching 2020-01-01 → 2023-07-30  (currently starts 2023-07-31)
2026-03-31 22:43:42,702  INFO    GOOGL: no data returned for this range (free-tier limit likely reached)
2026-03-31 22:43:55,702  INFO  [215/526] GPC  —  fetching 2020-01-01 → 2023-07-30  (currently starts 2023-07-31)
2026-03-31 22:44:08,982  INFO    GPC: no data returned for this range (free-tier limit likely reached)
2026-03-31 22:44:21,982  INFO  [216/526] GPN  —  fetching 2020-01-01 → 2023-07-30  (currently starts 2023-07-31)
2026-03-31 22:44:35,220  INFO    GPN: no data returned for this range (free-tier limit likely reached)
2026-03-31 22:44:48,221  INFO  [217/526] GRMN  —  fetching 2020-01-01 → 2023-07-30  (currently starts 2023-07-31)
2026-03-31 22:45:01,529  INFO    GRMN: no data returned for this range (free-tier limit likely reached)
2026-03-31 22:45:14,530  INFO  [218/526] GS  —  fetching 2020-01-01 → 2023-07-30  (currently starts 2023-07-31)
2026-03-31 22:45:27,805  INFO    GS: no data returned for this range (free-tier limit likely reached)
2026-03-31 22:45:40,806  INFO  [219/526] GWW  —  fetching 2020-01-01 → 2023-07-30  (currently starts 2023-07-31)
2026-03-31 22:45:54,039  INFO    GWW: no data returned for this range (free-tier limit likely reached)
2026-03-31 22:46:07,039  INFO  [220/526] HAL  —  fetching 2020-01-01 → 2023-07-30  (currently starts 2023-07-31)
2026-03-31 22:46:20,378  INFO    HAL: no data returned for this range (free-tier limit likely reached)
2026-03-31 22:46:33,378  INFO  [221/526] HAS  —  fetching 2020-01-01 → 2023-07-30  (currently starts 2023-07-31)
2026-03-31 22:46:46,617  INFO    HAS: no data returned for this range (free-tier limit likely reached)
2026-03-31 22:46:59,617  INFO  [222/526] HBAN  —  fetching 2020-01-01 → 2023-07-30  (currently starts 2023-07-31)
2026-03-31 22:47:12,856  INFO    HBAN: no data returned for this range (free-tier limit likely reached)
2026-03-31 22:47:25,856  INFO  [223/526] HCA  —  fetching 2020-01-01 → 2023-07-30  (currently starts 2023-07-31)
2026-03-31 22:47:39,199  INFO    HCA: no data returned for this range (free-tier limit likely reached)
2026-03-31 22:47:52,200  INFO  [224/526] HD  —  fetching 2020-01-01 → 2023-07-30  (currently starts 2023-07-31)
2026-03-31 22:48:05,434  INFO    HD: no data returned for this range (free-tier limit likely reached)
2026-03-31 22:48:18,435  INFO  [225/526] HIG  —  fetching 2020-01-01 → 2023-07-30  (currently starts 2023-07-31)
2026-03-31 22:48:31,676  INFO    HIG: no data returned for this range (free-tier limit likely reached)
2026-03-31 22:48:44,676  INFO  [226/526] HII  —  fetching 2020-01-01 → 2023-07-30  (currently starts 2023-07-31)
2026-03-31 22:48:57,958  INFO    HII: no data returned for this range (free-tier limit likely reached)
2026-03-31 22:49:10,958  INFO  [227/526] HLT  —  fetching 2020-01-01 → 2023-07-30  (currently starts 2023-07-31)
2026-03-31 22:49:24,196  INFO    HLT: no data returned for this range (free-tier limit likely reached)
2026-03-31 22:49:37,196  INFO  [228/526] HOLX  —  fetching 2020-01-01 → 2023-07-30  (currently starts 2023-07-31)
2026-03-31 22:49:50,431  INFO    HOLX: no data returned for this range (free-tier limit likely reached)
2026-03-31 22:50:03,431  INFO  [229/526] HON  —  fetching 2020-01-01 → 2023-07-30  (currently starts 2023-07-31)
2026-03-31 22:50:16,770  INFO    HON: no data returned for this range (free-tier limit likely reached)
2026-03-31 22:50:29,771  INFO  [230/526] HPE  —  fetching 2020-01-01 → 2023-07-30  (currently starts 2023-07-31)
2026-03-31 22:50:43,015  INFO    HPE: no data returned for this range (free-tier limit likely reached)
2026-03-31 22:50:56,016  INFO  [231/526] HPQ  —  fetching 2020-01-01 → 2023-07-30  (currently starts 2023-07-31)
2026-03-31 22:51:09,250  INFO    HPQ: no data returned for this range (free-tier limit likely reached)
2026-03-31 22:51:22,250  INFO  [232/526] HRL  —  fetching 2020-01-01 → 2023-07-30  (currently starts 2023-07-31)
2026-03-31 22:51:35,535  INFO    HRL: no data returned for this range (free-tier limit likely reached)
2026-03-31 22:51:48,535  INFO  [233/526] HSIC  —  fetching 2020-01-01 → 2023-07-30  (currently starts 2023-07-31)
2026-03-31 22:52:01,773  INFO    HSIC: no data returned for this range (free-tier limit likely reached)
2026-03-31 22:52:14,773  INFO  [234/526] HST  —  fetching 2020-01-01 → 2023-07-30  (currently starts 2023-07-31)
2026-03-31 22:52:27,999  INFO    HST: no data returned for this range (free-tier limit likely reached)
2026-03-31 22:52:40,999  INFO  [235/526] HSY  —  fetching 2020-01-01 → 2023-07-30  (currently starts 2023-07-31)
2026-03-31 22:52:54,271  INFO    HSY: no data returned for this range (free-tier limit likely reached)
2026-03-31 22:53:07,271  INFO  [236/526] HUBB  —  fetching 2020-01-01 → 2023-07-30  (currently starts 2023-07-31)
2026-03-31 22:53:20,506  INFO    HUBB: no data returned for this range (free-tier limit likely reached)
2026-03-31 22:53:33,506  INFO  [237/526] HUM  —  fetching 2020-01-01 → 2023-07-30  (currently starts 2023-07-31)
2026-03-31 22:53:46,845  INFO    HUM: no data returned for this range (free-tier limit likely reached)
2026-03-31 22:53:59,846  INFO  [238/526] HWM  —  fetching 2020-01-01 → 2023-07-30  (currently starts 2023-07-31)
2026-03-31 22:54:13,080  INFO    HWM: no data returned for this range (free-tier limit likely reached)
2026-03-31 22:54:26,081  INFO  [239/526] IBM  —  fetching 2020-01-01 → 2023-07-30  (currently starts 2023-07-31)
2026-03-31 22:54:39,311  INFO    IBM: no data returned for this range (free-tier limit likely reached)
2026-03-31 22:54:52,311  INFO  [240/526] ICE  —  fetching 2020-01-01 → 2023-07-30  (currently starts 2023-07-31)
2026-03-31 22:55:05,602  INFO    ICE: no data returned for this range (free-tier limit likely reached)
2026-03-31 22:55:18,602  INFO  [241/526] IDXX  —  fetching 2020-01-01 → 2023-07-30  (currently starts 2023-07-31)
2026-03-31 22:55:31,838  INFO    IDXX: no data returned for this range (free-tier limit likely reached)
2026-03-31 22:55:44,838  INFO  [242/526] IEX  —  fetching 2020-01-01 → 2023-07-30  (currently starts 2023-07-31)
2026-03-31 22:55:58,073  INFO    IEX: no data returned for this range (free-tier limit likely reached)
2026-03-31 22:56:11,073  INFO  [243/526] IFF  —  fetching 2020-01-01 → 2023-07-30  (currently starts 2023-07-31)
2026-03-31 22:56:24,352  INFO    IFF: no data returned for this range (free-tier limit likely reached)
2026-03-31 22:56:37,352  INFO  [244/526] INCY  —  fetching 2020-01-01 → 2023-07-30  (currently starts 2023-07-31)
2026-03-31 22:56:50,623  INFO    INCY: no data returned for this range (free-tier limit likely reached)
2026-03-31 22:57:03,624  INFO  [245/526] INTC  —  fetching 2020-01-01 → 2023-07-30  (currently starts 2023-07-31)
2026-03-31 22:57:16,961  INFO    INTC: no data returned for this range (free-tier limit likely reached)
2026-03-31 22:57:29,961  INFO  [246/526] INTU  —  fetching 2020-01-01 → 2023-07-30  (currently starts 2023-07-31)
2026-03-31 22:57:43,197  INFO    INTU: no data returned for this range (free-tier limit likely reached)
2026-03-31 22:57:56,198  INFO  [247/526] INVH  —  fetching 2020-01-01 → 2023-07-30  (currently starts 2023-07-31)
2026-03-31 22:58:09,432  INFO    INVH: no data returned for this range (free-tier limit likely reached)
2026-03-31 22:58:22,433  INFO  [248/526] IP  —  fetching 2020-01-01 → 2023-07-30  (currently starts 2023-07-31)
2026-03-31 22:58:35,697  INFO    IP: no data returned for this range (free-tier limit likely reached)
2026-03-31 22:58:48,698  INFO  [249/526] IPG  —  fetching 2020-01-01 → 2023-07-30  (currently starts 2023-07-31)
2026-03-31 22:59:01,933  INFO    IPG: no data returned for this range (free-tier limit likely reached)
2026-03-31 22:59:14,933  INFO  [250/526] IQV  —  fetching 2020-01-01 → 2023-07-30  (currently starts 2023-07-31)
2026-03-31 22:59:28,235  INFO    IQV: no data returned for this range (free-tier limit likely reached)
2026-03-31 22:59:41,235  INFO  [251/526] IR  —  fetching 2020-01-01 → 2023-07-30  (currently starts 2023-07-31)
2026-03-31 22:59:54,470  INFO    IR: no data returned for this range (free-tier limit likely reached)
2026-03-31 23:00:07,470  INFO  [252/526] IRM  —  fetching 2020-01-01 → 2023-07-30  (currently starts 2023-07-31)
2026-03-31 23:00:20,715  INFO    IRM: no data returned for this range (free-tier limit likely reached)
2026-03-31 23:00:33,715  INFO  [253/526] ISRG  —  fetching 2020-01-01 → 2023-07-30  (currently starts 2023-07-31)
2026-03-31 23:00:47,001  INFO    ISRG: no data returned for this range (free-tier limit likely reached)
2026-03-31 23:01:00,001  INFO  [254/526] IT  —  fetching 2020-01-01 → 2023-07-30  (currently starts 2023-07-31)
2026-03-31 23:01:13,250  INFO    IT: no data returned for this range (free-tier limit likely reached)
2026-03-31 23:01:26,250  INFO  [255/526] ITW  —  fetching 2020-01-01 → 2023-07-30  (currently starts 2023-07-31)
2026-03-31 23:01:39,497  INFO    ITW: no data returned for this range (free-tier limit likely reached)
2026-03-31 23:01:52,498  INFO  [256/526] IVV  —  fetching 2020-01-01 → 2023-08-13  (currently starts 2023-08-14)
2026-03-31 23:02:05,766  INFO    IVV: no data returned for this range (free-tier limit likely reached)
2026-03-31 23:02:18,766  INFO  [257/526] IVZ  —  fetching 2020-01-01 → 2023-07-30  (currently starts 2023-07-31)
2026-03-31 23:02:32,112  INFO    IVZ: no data returned for this range (free-tier limit likely reached)
2026-03-31 23:02:45,113  INFO  [258/526] IWM  —  fetching 2020-01-01 → 2023-08-13  (currently starts 2023-08-14)
2026-03-31 23:02:58,351  INFO    IWM: no data returned for this range (free-tier limit likely reached)
2026-03-31 23:03:11,352  INFO  [259/526] J  —  fetching 2020-01-01 → 2023-07-30  (currently starts 2023-07-31)
2026-03-31 23:03:24,589  INFO    J: no data returned for this range (free-tier limit likely reached)
2026-03-31 23:03:37,590  INFO  [260/526] JBHT  —  fetching 2020-01-01 → 2023-07-30  (currently starts 2023-07-31)
2026-03-31 23:03:50,928  INFO    JBHT: no data returned for this range (free-tier limit likely reached)
2026-03-31 23:04:03,928  INFO  [261/526] JBL  —  fetching 2020-01-01 → 2023-07-30  (currently starts 2023-07-31)
2026-03-31 23:04:17,165  INFO    JBL: no data returned for this range (free-tier limit likely reached)
2026-03-31 23:04:30,165  INFO  [262/526] JCI  —  fetching 2020-01-01 → 2023-07-30  (currently starts 2023-07-31)
2026-03-31 23:04:43,395  INFO    JCI: no data returned for this range (free-tier limit likely reached)
2026-03-31 23:04:56,396  INFO  [263/526] JKHY  —  fetching 2020-01-01 → 2023-07-30  (currently starts 2023-07-31)
2026-03-31 23:05:09,718  INFO    JKHY: no data returned for this range (free-tier limit likely reached)
2026-03-31 23:05:22,718  INFO  [264/526] JNJ  —  fetching 2020-01-01 → 2023-07-30  (currently starts 2023-07-31)
2026-03-31 23:05:35,948  INFO    JNJ: no data returned for this range (free-tier limit likely reached)
2026-03-31 23:05:48,948  INFO  [265/526] JPM  —  fetching 2020-01-01 → 2023-07-30  (currently starts 2023-07-31)
2026-03-31 23:06:02,201  INFO    JPM: no data returned for this range (free-tier limit likely reached)
2026-03-31 23:06:15,201  INFO  [266/526] K  —  fetching 2020-01-01 → 2023-07-30  (currently starts 2023-07-31)
2026-03-31 23:06:28,482  INFO    K: no data returned for this range (free-tier limit likely reached)
2026-03-31 23:06:41,482  INFO  [267/526] KDP  —  fetching 2020-01-01 → 2023-07-30  (currently starts 2023-07-31)
2026-03-31 23:06:54,818  INFO    KDP: no data returned for this range (free-tier limit likely reached)
2026-03-31 23:07:07,818  INFO  [268/526] KEY  —  fetching 2020-01-01 → 2023-07-30  (currently starts 2023-07-31)
2026-03-31 23:07:21,049  INFO    KEY: no data returned for this range (free-tier limit likely reached)
2026-03-31 23:07:34,050  INFO  [269/526] KEYS  —  fetching 2020-01-01 → 2023-07-30  (currently starts 2023-07-31)
2026-03-31 23:07:47,288  INFO    KEYS: no data returned for this range (free-tier limit likely reached)
2026-03-31 23:08:00,287  INFO  [270/526] KHC  —  fetching 2020-01-01 → 2023-07-30  (currently starts 2023-07-31)
2026-03-31 23:08:13,562  INFO    KHC: no data returned for this range (free-tier limit likely reached)
2026-03-31 23:08:26,562  INFO  [271/526] KIM  —  fetching 2020-01-01 → 2023-07-30  (currently starts 2023-07-31)
2026-03-31 23:08:39,841  INFO    KIM: no data returned for this range (free-tier limit likely reached)
2026-03-31 23:08:52,841  INFO  [272/526] KKR  —  fetching 2020-01-01 → 2023-07-30  (currently starts 2023-07-31)
2026-03-31 23:09:06,076  INFO    KKR: no data returned for this range (free-tier limit likely reached)
2026-03-31 23:09:19,076  INFO  [273/526] KLAC  —  fetching 2020-01-01 → 2023-07-30  (currently starts 2023-07-31)
2026-03-31 23:09:32,314  INFO    KLAC: no data returned for this range (free-tier limit likely reached)
2026-03-31 23:09:45,314  INFO  [274/526] KMB  —  fetching 2020-01-01 → 2023-07-30  (currently starts 2023-07-31)
2026-03-31 23:09:58,654  INFO    KMB: no data returned for this range (free-tier limit likely reached)
2026-03-31 23:10:11,653  INFO  [275/526] KMI  —  fetching 2020-01-01 → 2023-07-30  (currently starts 2023-07-31)
2026-03-31 23:10:24,887  INFO    KMI: no data returned for this range (free-tier limit likely reached)
2026-03-31 23:10:37,887  INFO  [276/526] KMX  —  fetching 2020-01-01 → 2023-07-30  (currently starts 2023-07-31)
2026-03-31 23:10:51,123  INFO    KMX: no data returned for this range (free-tier limit likely reached)
2026-03-31 23:11:04,123  INFO  [277/526] KO  —  fetching 2020-01-01 → 2023-07-30  (currently starts 2023-07-31)
2026-03-31 23:11:17,394  INFO    KO: no data returned for this range (free-tier limit likely reached)
2026-03-31 23:11:30,395  INFO  [278/526] KR  —  fetching 2020-01-01 → 2023-07-30  (currently starts 2023-07-31)
2026-03-31 23:11:43,672  INFO    KR: no data returned for this range (free-tier limit likely reached)
2026-03-31 23:11:56,672  INFO  [279/526] KVUE  —  fetching 2020-01-01 → 2023-07-30  (currently starts 2023-07-31)
2026-03-31 23:12:09,954  INFO    KVUE: no data returned for this range (free-tier limit likely reached)
2026-03-31 23:12:22,954  INFO  [280/526] L  —  fetching 2020-01-01 → 2023-07-30  (currently starts 2023-07-31)
2026-03-31 23:12:36,237  INFO    L: no data returned for this range (free-tier limit likely reached)
2026-03-31 23:12:49,237  INFO  [281/526] LDOS  —  fetching 2020-01-01 → 2023-07-30  (currently starts 2023-07-31)
2026-03-31 23:13:02,469  INFO    LDOS: no data returned for this range (free-tier limit likely reached)
2026-03-31 23:13:15,469  INFO  [282/526] LEN  —  fetching 2020-01-01 → 2023-07-30  (currently starts 2023-07-31)
2026-03-31 23:13:28,708  INFO    LEN: no data returned for this range (free-tier limit likely reached)
2026-03-31 23:13:41,708  INFO  [283/526] LH  —  fetching 2020-01-01 → 2023-07-30  (currently starts 2023-07-31)
2026-03-31 23:13:54,987  INFO    LH: no data returned for this range (free-tier limit likely reached)
2026-03-31 23:14:07,987  INFO  [284/526] LHX  —  fetching 2020-01-01 → 2023-07-30  (currently starts 2023-07-31)
2026-03-31 23:14:21,222  INFO    LHX: no data returned for this range (free-tier limit likely reached)
2026-03-31 23:14:34,222  INFO  [285/526] LII  —  fetching 2020-01-01 → 2023-07-30  (currently starts 2023-07-31)
2026-03-31 23:14:47,459  INFO    LII: no data returned for this range (free-tier limit likely reached)
2026-03-31 23:15:00,459  INFO  [286/526] LIN  —  fetching 2020-01-01 → 2023-07-30  (currently starts 2023-07-31)
2026-03-31 23:15:13,735  INFO    LIN: no data returned for this range (free-tier limit likely reached)
2026-03-31 23:15:26,735  INFO  [287/526] LKQ  —  fetching 2020-01-01 → 2023-07-30  (currently starts 2023-07-31)
2026-03-31 23:15:39,970  INFO    LKQ: no data returned for this range (free-tier limit likely reached)
2026-03-31 23:15:52,970  INFO  [288/526] LLY  —  fetching 2020-01-01 → 2023-07-30  (currently starts 2023-07-31)
2026-03-31 23:29:23,735  INFO    LLY: no data returned for this range (free-tier limit likely reached)
2026-03-31 23:29:36,735  INFO  [289/526] LMT  —  fetching 2020-01-01 → 2023-07-30  (currently starts 2023-07-31)
2026-03-31 23:29:49,954  INFO    LMT: no data returned for this range (free-tier limit likely reached)
2026-03-31 23:30:02,955  INFO  [290/526] LNT  —  fetching 2020-01-01 → 2023-07-30  (currently starts 2023-07-31)
2026-03-31 23:30:16,186  INFO    LNT: no data returned for this range (free-tier limit likely reached)
2026-03-31 23:30:29,186  INFO  [291/526] LOW  —  fetching 2020-01-01 → 2023-07-30  (currently starts 2023-07-31)
2026-03-31 23:30:42,416  INFO    LOW: no data returned for this range (free-tier limit likely reached)
2026-03-31 23:30:55,416  INFO  [292/526] LRCX  —  fetching 2020-01-01 → 2023-07-30  (currently starts 2023-07-31)
2026-03-31 23:31:08,650  INFO    LRCX: no data returned for this range (free-tier limit likely reached)
2026-03-31 23:31:21,651  INFO  [293/526] LULU  —  fetching 2020-01-01 → 2023-07-30  (currently starts 2023-07-31)
2026-03-31 23:31:34,885  INFO    LULU: no data returned for this range (free-tier limit likely reached)
2026-03-31 23:31:47,885  INFO  [294/526] LUV  —  fetching 2020-01-01 → 2023-07-30  (currently starts 2023-07-31)
2026-03-31 23:32:01,162  INFO    LUV: no data returned for this range (free-tier limit likely reached)
2026-03-31 23:32:14,163  INFO  [295/526] LVS  —  fetching 2020-01-01 → 2023-07-30  (currently starts 2023-07-31)
2026-03-31 23:32:27,401  INFO    LVS: no data returned for this range (free-tier limit likely reached)
2026-03-31 23:32:40,402  INFO  [296/526] LW  —  fetching 2020-01-01 → 2023-07-30  (currently starts 2023-07-31)
2026-03-31 23:32:53,637  INFO    LW: no data returned for this range (free-tier limit likely reached)
2026-03-31 23:33:06,637  INFO  [297/526] LYB  —  fetching 2020-01-01 → 2023-07-30  (currently starts 2023-07-31)
2026-03-31 23:33:19,910  INFO    LYB: no data returned for this range (free-tier limit likely reached)
2026-03-31 23:33:32,911  INFO  [298/526] LYV  —  fetching 2020-01-01 → 2023-07-30  (currently starts 2023-07-31)
2026-03-31 23:33:46,144  INFO    LYV: no data returned for this range (free-tier limit likely reached)
2026-03-31 23:33:59,144  INFO  [299/526] MA  —  fetching 2020-01-01 → 2023-07-30  (currently starts 2023-07-31)
2026-03-31 23:34:12,380  INFO    MA: no data returned for this range (free-tier limit likely reached)
2026-03-31 23:34:25,381  INFO  [300/526] MAA  —  fetching 2020-01-01 → 2023-07-30  (currently starts 2023-07-31)
2026-03-31 23:34:38,679  INFO    MAA: no data returned for this range (free-tier limit likely reached)
2026-03-31 23:34:51,680  INFO  [301/526] MAR  —  fetching 2020-01-01 → 2023-07-30  (currently starts 2023-07-31)
2026-03-31 23:35:04,916  INFO    MAR: no data returned for this range (free-tier limit likely reached)
2026-03-31 23:35:17,916  INFO  [302/526] MAS  —  fetching 2020-01-01 → 2023-07-30  (currently starts 2023-07-31)
2026-03-31 23:35:31,150  INFO    MAS: no data returned for this range (free-tier limit likely reached)
2026-03-31 23:35:44,151  INFO  [303/526] MCD  —  fetching 2020-01-01 → 2023-07-30  (currently starts 2023-07-31)
2026-03-31 23:35:57,486  INFO    MCD: no data returned for this range (free-tier limit likely reached)
2026-03-31 23:36:10,486  INFO  [304/526] MCHP  —  fetching 2020-01-01 → 2023-07-30  (currently starts 2023-07-31)
2026-03-31 23:36:23,723  INFO    MCHP: no data returned for this range (free-tier limit likely reached)
2026-03-31 23:36:36,723  INFO  [305/526] MCK  —  fetching 2020-01-01 → 2023-07-30  (currently starts 2023-07-31)
2026-03-31 23:36:49,957  INFO    MCK: no data returned for this range (free-tier limit likely reached)
2026-03-31 23:37:02,957  INFO  [306/526] MCO  —  fetching 2020-01-01 → 2023-07-30  (currently starts 2023-07-31)
2026-03-31 23:37:16,222  INFO    MCO: no data returned for this range (free-tier limit likely reached)
2026-03-31 23:37:29,223  INFO  [307/526] MDLZ  —  fetching 2020-01-01 → 2023-07-30  (currently starts 2023-07-31)
2026-03-31 23:37:42,455  INFO    MDLZ: no data returned for this range (free-tier limit likely reached)
2026-03-31 23:37:55,456  INFO  [308/526] MDT  —  fetching 2020-01-01 → 2023-07-30  (currently starts 2023-07-31)
2026-03-31 23:38:08,692  INFO    MDT: no data returned for this range (free-tier limit likely reached)
2026-03-31 23:38:21,692  INFO  [309/526] MET  —  fetching 2020-01-01 → 2023-07-30  (currently starts 2023-07-31)
2026-03-31 23:38:34,971  INFO    MET: no data returned for this range (free-tier limit likely reached)
2026-03-31 23:38:47,971  INFO  [310/526] META  —  fetching 2020-01-01 → 2023-07-30  (currently starts 2023-07-31)
2026-03-31 23:39:01,208  INFO    META: no data returned for this range (free-tier limit likely reached)
2026-03-31 23:39:14,208  INFO  [311/526] MGM  —  fetching 2020-01-01 → 2023-07-30  (currently starts 2023-07-31)
2026-03-31 23:39:27,439  INFO    MGM: no data returned for this range (free-tier limit likely reached)
2026-03-31 23:39:40,439  INFO  [312/526] MHK  —  fetching 2020-01-01 → 2023-07-30  (currently starts 2023-07-31)
2026-03-31 23:39:53,770  INFO    MHK: no data returned for this range (free-tier limit likely reached)
2026-03-31 23:40:06,771  INFO  [313/526] MKC  —  fetching 2020-01-01 → 2023-07-30  (currently starts 2023-07-31)
2026-03-31 23:40:20,007  INFO    MKC: no data returned for this range (free-tier limit likely reached)
2026-03-31 23:40:33,007  INFO  [314/526] MKTX  —  fetching 2020-01-01 → 2023-07-30  (currently starts 2023-07-31)
2026-03-31 23:40:46,239  INFO    MKTX: no data returned for this range (free-tier limit likely reached)
2026-03-31 23:40:59,239  INFO  [315/526] MLM  —  fetching 2020-01-01 → 2023-07-30  (currently starts 2023-07-31)
2026-03-31 23:41:12,580  INFO    MLM: no data returned for this range (free-tier limit likely reached)
2026-03-31 23:41:25,581  INFO  [316/526] MMC  —  fetching 2020-01-01 → 2023-07-30  (currently starts 2023-07-31)
2026-03-31 23:41:38,820  INFO    MMC: no data returned for this range (free-tier limit likely reached)
2026-03-31 23:41:51,821  INFO  [317/526] MMM  —  fetching 2020-01-01 → 2023-07-30  (currently starts 2023-07-31)
2026-03-31 23:42:05,055  INFO    MMM: no data returned for this range (free-tier limit likely reached)
2026-03-31 23:42:18,056  INFO  [318/526] MNST  —  fetching 2020-01-01 → 2023-07-30  (currently starts 2023-07-31)
2026-03-31 23:42:31,329  INFO    MNST: no data returned for this range (free-tier limit likely reached)
2026-03-31 23:42:44,329  INFO  [319/526] MO  —  fetching 2020-01-01 → 2023-07-30  (currently starts 2023-07-31)
2026-03-31 23:42:57,586  INFO    MO: no data returned for this range (free-tier limit likely reached)
2026-03-31 23:43:10,587  INFO  [320/526] MOH  —  fetching 2020-01-01 → 2023-07-30  (currently starts 2023-07-31)
2026-03-31 23:43:23,821  INFO    MOH: no data returned for this range (free-tier limit likely reached)
2026-03-31 23:43:36,821  INFO  [321/526] MOS  —  fetching 2020-01-01 → 2023-07-30  (currently starts 2023-07-31)
2026-03-31 23:43:50,099  INFO    MOS: no data returned for this range (free-tier limit likely reached)
2026-03-31 23:44:03,099  INFO  [322/526] MPC  —  fetching 2020-01-01 → 2023-07-30  (currently starts 2023-07-31)
2026-03-31 23:44:16,322  INFO    MPC: no data returned for this range (free-tier limit likely reached)
2026-03-31 23:44:29,323  INFO  [323/526] MPWR  —  fetching 2020-01-01 → 2023-07-30  (currently starts 2023-07-31)
2026-03-31 23:44:42,547  INFO    MPWR: no data returned for this range (free-tier limit likely reached)
2026-03-31 23:44:55,548  INFO  [324/526] MRK  —  fetching 2020-01-01 → 2023-07-30  (currently starts 2023-07-31)
2026-03-31 23:45:08,825  INFO    MRK: no data returned for this range (free-tier limit likely reached)
2026-03-31 23:45:21,825  INFO  [325/526] MRNA  —  fetching 2020-01-01 → 2023-07-30  (currently starts 2023-07-31)
2026-03-31 23:45:35,160  INFO    MRNA: no data returned for this range (free-tier limit likely reached)
2026-03-31 23:45:48,160  INFO  [326/526] MS  —  fetching 2020-01-01 → 2023-07-30  (currently starts 2023-07-31)
2026-03-31 23:46:01,395  INFO    MS: no data returned for this range (free-tier limit likely reached)
2026-03-31 23:46:14,395  INFO  [327/526] MSCI  —  fetching 2020-01-01 → 2023-07-30  (currently starts 2023-07-31)
2026-03-31 23:46:27,631  INFO    MSCI: no data returned for this range (free-tier limit likely reached)
2026-03-31 23:46:40,631  INFO  [328/526] MSFT  —  fetching 2020-01-01 → 2023-07-30  (currently starts 2023-07-31)
