2026-03-31 23:49:45,511  INFO  yfinance backfill — 526 tickers need history before 2023-07-31
2026-03-31 23:49:45,511  INFO  [1/526] A  2020-01-01 → 2023-07-30
2026-03-31 23:49:45,790  INFO    A: inserted 899 rows, earliest now 2020-01-02
2026-03-31 23:49:46,291  INFO  [2/526] AAPL  2020-01-01 → 2023-07-30
2026-03-31 23:49:46,452  INFO    AAPL: inserted 899 rows, earliest now 2020-01-02
2026-03-31 23:49:46,953  INFO  [3/526] ABBV  2020-01-01 → 2023-07-30
2026-03-31 23:49:47,096  INFO    ABBV: inserted 899 rows, earliest now 2020-01-02
2026-03-31 23:49:47,596  INFO  [4/526] ABNB  2020-01-01 → 2023-07-30
2026-03-31 23:49:47,713  INFO    ABNB: inserted 661 rows, earliest now 2020-12-10
2026-03-31 23:49:48,214  INFO  [5/526] ABT  2020-01-01 → 2023-07-30
2026-03-31 23:49:48,475  INFO    ABT: inserted 899 rows, earliest now 2020-01-02
2026-03-31 23:49:48,975  INFO  [6/526] ACGL  2020-01-01 → 2023-07-30
2026-03-31 23:49:49,107  INFO    ACGL: inserted 899 rows, earliest now 2020-01-02
2026-03-31 23:49:49,607  INFO  [7/526] ACN  2020-01-01 → 2023-07-30
2026-03-31 23:49:49,804  INFO    ACN: inserted 899 rows, earliest now 2020-01-02
2026-03-31 23:49:50,305  INFO  [8/526] ADBE  2020-01-01 → 2023-07-30
2026-03-31 23:49:50,521  INFO    ADBE: inserted 899 rows, earliest now 2020-01-02
2026-03-31 23:49:51,022  INFO  [9/526] ADI  2020-01-01 → 2023-07-30
2026-03-31 23:49:51,198  INFO    ADI: inserted 899 rows, earliest now 2020-01-02
2026-03-31 23:49:51,699  INFO  [10/526] ADM  2020-01-01 → 2023-07-30
2026-03-31 23:49:51,922  INFO    ADM: inserted 899 rows, earliest now 2020-01-02
2026-03-31 23:49:52,422  INFO  [11/526] ADP  2020-01-01 → 2023-07-30
2026-03-31 23:49:52,644  INFO    ADP: inserted 899 rows, earliest now 2020-01-02
2026-03-31 23:49:53,144  INFO  [12/526] ADSK  2020-01-01 → 2023-07-30
2026-03-31 23:49:53,342  INFO    ADSK: inserted 899 rows, earliest now 2020-01-02
2026-03-31 23:49:53,843  INFO  [13/526] AEE  2020-01-01 → 2023-07-30
2026-03-31 23:49:54,130  INFO    AEE: inserted 899 rows, earliest now 2020-01-02
2026-03-31 23:49:54,630  INFO  [14/526] AEP  2020-01-01 → 2023-07-30
2026-03-31 23:49:54,900  INFO    AEP: inserted 899 rows, earliest now 2020-01-02
2026-03-31 23:49:55,401  INFO  [15/526] AES  2020-01-01 → 2023-07-30
2026-03-31 23:49:55,587  INFO    AES: inserted 899 rows, earliest now 2020-01-02
2026-03-31 23:49:56,088  INFO  [16/526] AFL  2020-01-01 → 2023-07-30
2026-03-31 23:49:56,356  INFO    AFL: inserted 899 rows, earliest now 2020-01-02
2026-03-31 23:49:56,857  INFO  [17/526] AIG  2020-01-01 → 2023-07-30
2026-03-31 23:49:57,076  INFO    AIG: inserted 899 rows, earliest now 2020-01-02
2026-03-31 23:49:57,576  INFO  [18/526] AIZ  2020-01-01 → 2023-07-30
2026-03-31 23:49:57,765  INFO    AIZ: inserted 899 rows, earliest now 2020-01-02
2026-03-31 23:49:58,265  INFO  [19/526] AJG  2020-01-01 → 2023-07-30
2026-03-31 23:49:58,495  INFO    AJG: inserted 899 rows, earliest now 2020-01-02
2026-03-31 23:49:58,995  INFO  [20/526] AKAM  2020-01-01 → 2023-07-30
2026-03-31 23:49:59,114  INFO    AKAM: inserted 899 rows, earliest now 2020-01-02
2026-03-31 23:49:59,614  INFO  [21/526] ALB  2020-01-01 → 2023-07-30
2026-03-31 23:49:59,822  INFO    ALB: inserted 899 rows, earliest now 2020-01-02
2026-03-31 23:50:00,322  INFO  [22/526] ALGN  2020-01-01 → 2023-07-30
2026-03-31 23:50:00,443  INFO    ALGN: inserted 899 rows, earliest now 2020-01-02
2026-03-31 23:50:00,943  INFO  [23/526] ALL  2020-01-01 → 2023-07-30
2026-03-31 23:50:01,137  INFO    ALL: inserted 899 rows, earliest now 2020-01-02
2026-03-31 23:50:01,638  INFO  [24/526] ALLE  2020-01-01 → 2023-07-30
2026-03-31 23:50:01,799  INFO    ALLE: inserted 899 rows, earliest now 2020-01-02
2026-03-31 23:50:02,300  INFO  [25/526] AMAT  2020-01-01 → 2023-07-30
2026-03-31 23:50:02,472  INFO    AMAT: inserted 899 rows, earliest now 2020-01-02
2026-03-31 23:50:02,972  INFO  [26/526] AMCR  2020-01-01 → 2023-07-30
2026-03-31 23:50:03,147  INFO    AMCR: inserted 899 rows, earliest now 2020-01-02
2026-03-31 23:50:03,647  INFO  [27/526] AMD  2020-01-01 → 2023-07-30
2026-03-31 23:50:03,767  INFO    AMD: inserted 899 rows, earliest now 2020-01-02
2026-03-31 23:50:04,267  INFO  [28/526] AME  2020-01-01 → 2023-07-30
2026-03-31 23:50:04,516  INFO    AME: inserted 899 rows, earliest now 2020-01-02
2026-03-31 23:50:05,017  INFO  [29/526] AMGN  2020-01-01 → 2023-07-30
2026-03-31 23:50:05,163  INFO    AMGN: inserted 899 rows, earliest now 2020-01-02
2026-03-31 23:50:05,664  INFO  [30/526] AMP  2020-01-01 → 2023-07-30
2026-03-31 23:50:05,844  INFO    AMP: inserted 899 rows, earliest now 2020-01-02
2026-03-31 23:50:06,344  INFO  [31/526] AMT  2020-01-01 → 2023-07-30
2026-03-31 23:50:06,534  INFO    AMT: inserted 899 rows, earliest now 2020-01-02
2026-03-31 23:50:07,035  INFO  [32/526] AMZN  2020-01-01 → 2023-07-30
2026-03-31 23:50:07,149  INFO    AMZN: inserted 899 rows, earliest now 2020-01-02
2026-03-31 23:50:07,650  INFO  [33/526] ANET  2020-01-01 → 2023-07-30
2026-03-31 23:50:07,768  INFO    ANET: inserted 899 rows, earliest now 2020-01-02
2026-03-31 23:50:08,268  INFO  [34/526] AON  2020-01-01 → 2023-07-30
2026-03-31 23:50:08,508  INFO    AON: inserted 899 rows, earliest now 2020-01-02
2026-03-31 23:50:09,009  INFO  [35/526] AOS  2020-01-01 → 2023-07-30
2026-03-31 23:50:09,297  INFO    AOS: inserted 899 rows, earliest now 2020-01-02
2026-03-31 23:50:09,797  INFO  [36/526] APA  2020-01-01 → 2023-07-30
2026-03-31 23:50:10,034  INFO    APA: inserted 899 rows, earliest now 2020-01-02
2026-03-31 23:50:10,535  INFO  [37/526] APD  2020-01-01 → 2023-07-30
2026-03-31 23:50:10,768  INFO    APD: inserted 899 rows, earliest now 2020-01-02
2026-03-31 23:50:11,268  INFO  [38/526] APH  2020-01-01 → 2023-07-30
2026-03-31 23:50:11,473  INFO    APH: inserted 899 rows, earliest now 2020-01-02
2026-03-31 23:50:11,973  INFO  [39/526] APO  2020-01-01 → 2023-07-30
2026-03-31 23:50:12,148  INFO    APO: inserted 899 rows, earliest now 2020-01-02
2026-03-31 23:50:12,649  INFO  [40/526] APTV  2020-01-01 → 2023-07-30
2026-03-31 23:50:12,794  INFO    APTV: inserted 899 rows, earliest now 2020-01-02
2026-03-31 23:50:13,294  INFO  [41/526] ARE  2020-01-01 → 2023-07-30
2026-03-31 23:50:13,486  INFO    ARE: inserted 899 rows, earliest now 2020-01-02
2026-03-31 23:50:13,987  INFO  [42/526] ATO  2020-01-01 → 2023-07-30
2026-03-31 23:50:14,229  INFO    ATO: inserted 899 rows, earliest now 2020-01-02
2026-03-31 23:50:14,729  INFO  [43/526] AVB  2020-01-01 → 2023-07-30
2026-03-31 23:50:14,913  INFO    AVB: inserted 899 rows, earliest now 2020-01-02
2026-03-31 23:50:15,414  INFO  [44/526] AVGO  2020-01-01 → 2023-07-30
2026-03-31 23:50:15,570  INFO    AVGO: inserted 899 rows, earliest now 2020-01-02
2026-03-31 23:50:16,070  INFO  [45/526] AVY  2020-01-01 → 2023-07-30
2026-03-31 23:50:16,325  INFO    AVY: inserted 899 rows, earliest now 2020-01-02
2026-03-31 23:50:16,826  INFO  [46/526] AWK  2020-01-01 → 2023-07-30
2026-03-31 23:50:17,032  INFO    AWK: inserted 899 rows, earliest now 2020-01-02
2026-03-31 23:50:17,533  INFO  [47/526] AXON  2020-01-01 → 2023-07-30
2026-03-31 23:50:17,646  INFO    AXON: inserted 899 rows, earliest now 2020-01-02
2026-03-31 23:50:18,146  INFO  [48/526] AXP  2020-01-01 → 2023-07-30
2026-03-31 23:50:18,389  INFO    AXP: inserted 899 rows, earliest now 2020-01-02
2026-03-31 23:50:18,889  INFO  [49/526] BA  2020-01-01 → 2023-07-30
2026-03-31 23:50:19,189  INFO    BA: inserted 899 rows, earliest now 2020-01-02
2026-03-31 23:50:19,690  INFO  [50/526] BAC  2020-01-01 → 2023-07-30
2026-03-31 23:50:19,945  INFO    BAC: inserted 899 rows, earliest now 2020-01-02
2026-03-31 23:50:20,446  INFO  [51/526] BALL  2020-01-01 → 2023-07-30
2026-03-31 23:50:20,683  INFO    BALL: inserted 899 rows, earliest now 2020-01-02
2026-03-31 23:50:21,184  INFO  [52/526] BAX  2020-01-01 → 2023-07-30
2026-03-31 23:50:21,406  INFO    BAX: inserted 899 rows, earliest now 2020-01-02
2026-03-31 23:50:21,906  INFO  [53/526] BBY  2020-01-01 → 2023-07-30
2026-03-31 23:50:22,101  INFO    BBY: inserted 899 rows, earliest now 2020-01-02
2026-03-31 23:50:22,604  INFO  [54/526] BDX  2020-01-01 → 2023-07-30
2026-03-31 23:50:22,853  INFO    BDX: inserted 899 rows, earliest now 2020-01-02
2026-03-31 23:50:23,354  INFO  [55/526] BEN  2020-01-01 → 2023-07-30
2026-03-31 23:50:23,588  INFO    BEN: inserted 899 rows, earliest now 2020-01-02
2026-03-31 23:50:24,089  INFO  [56/526] BF.B  2020-01-01 → 2023-07-30
2026-03-31 23:50:24,166  ERROR  $BF.B: possibly delisted; no price data found  (1d 2020-01-01 -> 2023-07-30)
2026-03-31 23:50:24,166  ERROR  
1 Failed download:
2026-03-31 23:50:24,166  ERROR  ['BF.B']: possibly delisted; no price data found  (1d 2020-01-01 -> 2023-07-30)
2026-03-31 23:50:24,168  INFO    BF.B: no data returned
2026-03-31 23:50:24,668  INFO  [57/526] BG  2020-01-01 → 2023-07-30
2026-03-31 23:50:24,867  INFO    BG: inserted 899 rows, earliest now 2020-01-02
2026-03-31 23:50:25,367  INFO  [58/526] BIIB  2020-01-01 → 2023-07-30
2026-03-31 23:50:25,478  INFO    BIIB: inserted 899 rows, earliest now 2020-01-02
2026-03-31 23:50:25,979  INFO  [59/526] BK  2020-01-01 → 2023-07-30
2026-03-31 23:50:26,190  INFO    BK: inserted 899 rows, earliest now 2020-01-02
2026-03-31 23:50:26,691  INFO  [60/526] BKNG  2020-01-01 → 2023-07-30
2026-03-31 23:50:26,819  INFO    BKNG: inserted 899 rows, earliest now 2020-01-02
2026-03-31 23:50:27,320  INFO  [61/526] BKR  2020-01-01 → 2023-07-30
2026-03-31 23:50:27,545  INFO    BKR: inserted 899 rows, earliest now 2020-01-02
2026-03-31 23:50:28,045  INFO  [62/526] BLDR  2020-01-01 → 2023-07-30
2026-03-31 23:50:28,181  INFO    BLDR: inserted 899 rows, earliest now 2020-01-02
2026-03-31 23:50:28,681  INFO  [63/526] BLK  2020-01-01 → 2023-07-30
2026-03-31 23:50:28,865  INFO    BLK: inserted 899 rows, earliest now 2020-01-02
2026-03-31 23:50:29,365  INFO  [64/526] BMY  2020-01-01 → 2023-07-30
2026-03-31 23:50:29,619  INFO    BMY: inserted 899 rows, earliest now 2020-01-02
2026-03-31 23:50:30,119  INFO  [65/526] BR  2020-01-01 → 2023-07-30
2026-03-31 23:50:30,291  INFO    BR: inserted 899 rows, earliest now 2020-01-02
2026-03-31 23:50:30,791  INFO  [66/526] BRK.B  2020-01-01 → 2023-07-30
2026-03-31 23:50:31,058  ERROR  $BRK.B: possibly delisted; no timezone found
2026-03-31 23:50:31,058  ERROR  
1 Failed download:
2026-03-31 23:50:31,058  ERROR  ['BRK.B']: possibly delisted; no timezone found
2026-03-31 23:50:31,060  INFO    BRK.B: no data returned
2026-03-31 23:50:31,560  INFO  [67/526] BRO  2020-01-01 → 2023-07-30
2026-03-31 23:50:31,830  INFO    BRO: inserted 899 rows, earliest now 2020-01-02
2026-03-31 23:50:32,330  INFO  [68/526] BSX  2020-01-01 → 2023-07-30
2026-03-31 23:50:32,451  INFO    BSX: inserted 899 rows, earliest now 2020-01-02
2026-03-31 23:50:32,951  INFO  [69/526] BX  2020-01-01 → 2023-07-30
2026-03-31 23:50:33,127  INFO    BX: inserted 899 rows, earliest now 2020-01-02
2026-03-31 23:50:33,628  INFO  [70/526] BXP  2020-01-01 → 2023-07-30
2026-03-31 23:50:33,844  INFO    BXP: inserted 899 rows, earliest now 2020-01-02
2026-03-31 23:50:34,344  INFO  [71/526] C  2020-01-01 → 2023-07-30
2026-03-31 23:50:34,583  INFO    C: inserted 899 rows, earliest now 2020-01-02
2026-03-31 23:50:35,084  INFO  [72/526] CAG  2020-01-01 → 2023-07-30
2026-03-31 23:50:35,313  INFO    CAG: inserted 899 rows, earliest now 2020-01-02
2026-03-31 23:50:35,813  INFO  [73/526] CAH  2020-01-01 → 2023-07-30
2026-03-31 23:50:36,043  INFO    CAH: inserted 899 rows, earliest now 2020-01-02
2026-03-31 23:50:36,543  INFO  [74/526] CARR  2020-01-01 → 2023-07-30
2026-03-31 23:50:36,693  INFO    CARR: inserted 846 rows, earliest now 2020-03-19
2026-03-31 23:50:37,193  INFO  [75/526] CAT  2020-01-01 → 2023-07-30
2026-03-31 23:50:37,521  INFO    CAT: inserted 899 rows, earliest now 2020-01-02
2026-03-31 23:50:38,022  INFO  [76/526] CB  2020-01-01 → 2023-07-30
2026-03-31 23:50:38,217  INFO    CB: inserted 899 rows, earliest now 2020-01-02
2026-03-31 23:50:38,717  INFO  [77/526] CBOE  2020-01-01 → 2023-07-30
2026-03-31 23:50:38,898  INFO    CBOE: inserted 899 rows, earliest now 2020-01-02
2026-03-31 23:50:39,399  INFO  [78/526] CBRE  2020-01-01 → 2023-07-30
2026-03-31 23:50:39,544  INFO    CBRE: inserted 899 rows, earliest now 2020-01-02
2026-03-31 23:50:40,044  INFO  [79/526] CCI  2020-01-01 → 2023-07-30
2026-03-31 23:50:40,229  INFO    CCI: inserted 899 rows, earliest now 2020-01-02
2026-03-31 23:50:40,730  INFO  [80/526] CCL  2020-01-01 → 2023-07-30
2026-03-31 23:50:40,980  INFO    CCL: inserted 899 rows, earliest now 2020-01-02
2026-03-31 23:50:41,480  INFO  [81/526] CDNS  2020-01-01 → 2023-07-30
2026-03-31 23:50:41,626  INFO    CDNS: inserted 899 rows, earliest now 2020-01-02
2026-03-31 23:50:42,127  INFO  [82/526] CDW  2020-01-01 → 2023-07-30
2026-03-31 23:50:42,279  INFO    CDW: inserted 899 rows, earliest now 2020-01-02
2026-03-31 23:50:42,779  INFO  [83/526] CEG  2020-01-01 → 2023-07-30
2026-03-31 23:50:42,885  INFO    CEG: inserted 383 rows, earliest now 2022-01-19
2026-03-31 23:50:43,386  INFO  [84/526] CF  2020-01-01 → 2023-07-30
2026-03-31 23:50:43,548  INFO    CF: inserted 899 rows, earliest now 2020-01-02
2026-03-31 23:50:44,048  INFO  [85/526] CFG  2020-01-01 → 2023-07-30
2026-03-31 23:50:44,205  INFO    CFG: inserted 899 rows, earliest now 2020-01-02
2026-03-31 23:50:44,705  INFO  [86/526] CHD  2020-01-01 → 2023-07-30
2026-03-31 23:50:44,925  INFO    CHD: inserted 899 rows, earliest now 2020-01-02
2026-03-31 23:50:45,426  INFO  [87/526] CHRW  2020-01-01 → 2023-07-30
2026-03-31 23:50:45,607  INFO    CHRW: inserted 899 rows, earliest now 2020-01-02
2026-03-31 23:50:46,107  INFO  [88/526] CHTR  2020-01-01 → 2023-07-30
2026-03-31 23:50:46,225  INFO    CHTR: inserted 899 rows, earliest now 2020-01-02
2026-03-31 23:50:46,725  INFO  [89/526] CI  2020-01-01 → 2023-07-30
2026-03-31 23:50:46,951  INFO    CI: inserted 899 rows, earliest now 2020-01-02
2026-03-31 23:50:47,451  INFO  [90/526] CINF  2020-01-01 → 2023-07-30
2026-03-31 23:50:47,677  INFO    CINF: inserted 899 rows, earliest now 2020-01-02
2026-03-31 23:50:48,177  INFO  [91/526] CL  2020-01-01 → 2023-07-30
2026-03-31 23:50:48,440  INFO    CL: inserted 899 rows, earliest now 2020-01-02
2026-03-31 23:50:48,941  INFO  [92/526] CLX  2020-01-01 → 2023-07-30
2026-03-31 23:50:49,174  INFO    CLX: inserted 899 rows, earliest now 2020-01-02
2026-03-31 23:50:49,674  INFO  [93/526] CMCSA  2020-01-01 → 2023-07-30
2026-03-31 23:50:49,879  INFO    CMCSA: inserted 899 rows, earliest now 2020-01-02
2026-03-31 23:50:50,380  INFO  [94/526] CME  2020-01-01 → 2023-07-30
2026-03-31 23:50:50,550  INFO    CME: inserted 899 rows, earliest now 2020-01-02
2026-03-31 23:50:51,051  INFO  [95/526] CMG  2020-01-01 → 2023-07-30
2026-03-31 23:50:51,169  INFO    CMG: inserted 899 rows, earliest now 2020-01-02
2026-03-31 23:50:51,670  INFO  [96/526] CMI  2020-01-01 → 2023-07-30
2026-03-31 23:50:51,960  INFO    CMI: inserted 899 rows, earliest now 2020-01-02
2026-03-31 23:50:52,460  INFO  [97/526] CMS  2020-01-01 → 2023-07-30
2026-03-31 23:50:52,753  INFO    CMS: inserted 899 rows, earliest now 2020-01-02
2026-03-31 23:50:53,253  INFO  [98/526] CNC  2020-01-01 → 2023-07-30
2026-03-31 23:50:53,377  INFO    CNC: inserted 899 rows, earliest now 2020-01-02
2026-03-31 23:50:53,878  INFO  [99/526] CNP  2020-01-01 → 2023-07-30
2026-03-31 23:50:54,170  INFO    CNP: inserted 899 rows, earliest now 2020-01-02
2026-03-31 23:50:54,671  INFO  [100/526] COF  2020-01-01 → 2023-07-30
2026-03-31 23:50:54,886  INFO    COF: inserted 899 rows, earliest now 2020-01-02
2026-03-31 23:50:55,386  INFO  [101/526] COIN  2020-01-01 → 2023-07-30
2026-03-31 23:50:55,497  INFO    COIN: inserted 577 rows, earliest now 2021-04-14
2026-03-31 23:50:55,998  INFO  [102/526] COO  2020-01-01 → 2023-07-30
2026-03-31 23:50:56,203  INFO    COO: inserted 899 rows, earliest now 2020-01-02
2026-03-31 23:50:56,703  INFO  [103/526] COP  2020-01-01 → 2023-07-30
2026-03-31 23:50:56,924  INFO    COP: inserted 899 rows, earliest now 2020-01-02
2026-03-31 23:50:57,424  INFO  [104/526] COR  2020-01-01 → 2023-08-29
2026-03-31 23:50:57,618  INFO    COR: inserted 920 rows, earliest now 2020-01-02
2026-03-31 23:50:58,119  INFO  [105/526] COST  2020-01-01 → 2023-07-30
2026-03-31 23:50:58,312  INFO    COST: inserted 899 rows, earliest now 2020-01-02
2026-03-31 23:50:58,812  INFO  [106/526] CPAY  2020-01-01 → 2024-03-24
2026-03-31 23:50:58,957  INFO    CPAY: inserted 1063 rows, earliest now 2020-01-02
2026-03-31 23:50:59,457  INFO  [107/526] CPB  2020-01-01 → 2023-07-30
2026-03-31 23:50:59,733  INFO    CPB: inserted 899 rows, earliest now 2020-01-02
2026-03-31 23:51:00,234  INFO  [108/526] CPRT  2020-01-01 → 2023-07-30
2026-03-31 23:51:00,362  INFO    CPRT: inserted 899 rows, earliest now 2020-01-02
2026-03-31 23:51:00,862  INFO  [109/526] CPT  2020-01-01 → 2023-07-30
2026-03-31 23:51:01,089  INFO    CPT: inserted 899 rows, earliest now 2020-01-02
2026-03-31 23:51:01,590  INFO  [110/526] CRL  2020-01-01 → 2023-07-30
2026-03-31 23:51:01,713  INFO    CRL: inserted 899 rows, earliest now 2020-01-02
2026-03-31 23:51:02,214  INFO  [111/526] CRM  2020-01-01 → 2023-07-30
2026-03-31 23:51:02,346  INFO    CRM: inserted 899 rows, earliest now 2020-01-02
2026-03-31 23:51:02,847  INFO  [112/526] CRWD  2020-01-01 → 2023-07-30
2026-03-31 23:51:02,963  INFO    CRWD: inserted 899 rows, earliest now 2020-01-02
2026-03-31 23:51:03,464  INFO  [113/526] CSCO  2020-01-01 → 2023-07-30
2026-03-31 23:51:03,650  INFO    CSCO: inserted 899 rows, earliest now 2020-01-02
2026-03-31 23:51:04,151  INFO  [114/526] CSGP  2020-01-01 → 2023-07-30
2026-03-31 23:51:04,273  INFO    CSGP: inserted 899 rows, earliest now 2020-01-02
2026-03-31 23:51:04,773  INFO  [115/526] CSX  2020-01-01 → 2023-07-30
2026-03-31 23:51:05,014  INFO    CSX: inserted 899 rows, earliest now 2020-01-02
2026-03-31 23:51:05,515  INFO  [116/526] CTAS  2020-01-01 → 2023-07-30
2026-03-31 23:51:05,752  INFO    CTAS: inserted 899 rows, earliest now 2020-01-02
2026-03-31 23:51:06,252  INFO  [117/526] CTRA  2020-01-01 → 2023-07-30
2026-03-31 23:51:06,462  INFO    CTRA: inserted 899 rows, earliest now 2020-01-02
2026-03-31 23:51:06,963  INFO  [118/526] CTSH  2020-01-01 → 2023-07-30
2026-03-31 23:51:07,115  INFO    CTSH: inserted 899 rows, earliest now 2020-01-02
2026-03-31 23:51:07,616  INFO  [119/526] CTVA  2020-01-01 → 2023-07-30
2026-03-31 23:51:07,770  INFO    CTVA: inserted 899 rows, earliest now 2020-01-02
2026-03-31 23:51:08,270  INFO  [120/526] CVS  2020-01-01 → 2023-07-30
2026-03-31 23:51:08,507  INFO    CVS: inserted 899 rows, earliest now 2020-01-02
2026-03-31 23:51:09,007  INFO  [121/526] CVX  2020-01-01 → 2023-07-30
2026-03-31 23:51:09,352  INFO    CVX: inserted 899 rows, earliest now 2020-01-02
2026-03-31 23:51:09,853  INFO  [122/526] CZR  2020-01-01 → 2023-07-30
2026-03-31 23:51:10,011  INFO    CZR: inserted 899 rows, earliest now 2020-01-02
2026-03-31 23:51:10,512  INFO  [123/526] D  2020-01-01 → 2023-07-30
2026-03-31 23:51:10,729  INFO    D: inserted 899 rows, earliest now 2020-01-02
2026-03-31 23:51:11,230  INFO  [124/526] DAL  2020-01-01 → 2023-07-30
2026-03-31 23:51:11,384  INFO    DAL: inserted 899 rows, earliest now 2020-01-02
2026-03-31 23:51:11,884  INFO  [125/526] DASH  2020-01-01 → 2023-07-30
2026-03-31 23:51:11,996  INFO    DASH: inserted 662 rows, earliest now 2020-12-09
2026-03-31 23:51:12,496  INFO  [126/526] DAY  2020-01-01 → 2024-01-31
2026-03-31 23:51:12,640  INFO    DAY: inserted 1026 rows, earliest now 2020-01-02
2026-03-31 23:51:13,140  INFO  [127/526] DBC  2020-01-01 → 2023-08-13
2026-03-31 23:51:13,309  INFO    DBC: inserted 909 rows, earliest now 2020-01-02
2026-03-31 23:51:13,809  INFO  [128/526] DD  2020-01-01 → 2023-07-30
2026-03-31 23:51:14,129  INFO    DD: inserted 899 rows, earliest now 2020-01-02
2026-03-31 23:51:14,630  INFO  [129/526] DDOG  2020-01-01 → 2023-07-30
2026-03-31 23:51:14,749  INFO    DDOG: inserted 899 rows, earliest now 2020-01-02
2026-03-31 23:51:15,249  INFO  [130/526] DE  2020-01-01 → 2023-07-30
2026-03-31 23:51:15,519  INFO    DE: inserted 899 rows, earliest now 2020-01-02
2026-03-31 23:51:16,019  INFO  [131/526] DECK  2020-01-01 → 2023-07-30
2026-03-31 23:51:16,149  INFO    DECK: inserted 899 rows, earliest now 2020-01-02
2026-03-31 23:51:16,650  INFO  [132/526] DELL  2020-01-01 → 2023-07-30
2026-03-31 23:51:16,794  INFO    DELL: inserted 899 rows, earliest now 2020-01-02
2026-03-31 23:51:17,295  INFO  [133/526] DG  2020-01-01 → 2023-07-30
2026-03-31 23:51:17,437  INFO    DG: inserted 899 rows, earliest now 2020-01-02
2026-03-31 23:51:17,938  INFO  [134/526] DGX  2020-01-01 → 2023-07-30
2026-03-31 23:51:18,106  INFO    DGX: inserted 899 rows, earliest now 2020-01-02
2026-03-31 23:51:18,607  INFO  [135/526] DHI  2020-01-01 → 2023-07-30
2026-03-31 23:51:18,820  INFO    DHI: inserted 899 rows, earliest now 2020-01-02
2026-03-31 23:51:19,321  INFO  [136/526] DHR  2020-01-01 → 2023-07-30
2026-03-31 23:51:19,630  INFO    DHR: inserted 899 rows, earliest now 2020-01-02
2026-03-31 23:51:20,130  INFO  [137/526] DIA  2020-01-01 → 2023-08-13
2026-03-31 23:51:20,320  INFO    DIA: inserted 909 rows, earliest now 2020-01-02
2026-03-31 23:51:20,820  INFO  [138/526] DIS  2020-01-01 → 2023-07-30
2026-03-31 23:51:21,082  INFO    DIS: inserted 899 rows, earliest now 2020-01-02
2026-03-31 23:51:21,582  INFO  [139/526] DLR  2020-01-01 → 2023-07-30
2026-03-31 23:51:21,787  INFO    DLR: inserted 899 rows, earliest now 2020-01-02
2026-03-31 23:51:22,288  INFO  [140/526] DLTR  2020-01-01 → 2023-07-30
2026-03-31 23:51:22,408  INFO    DLTR: inserted 899 rows, earliest now 2020-01-02
2026-03-31 23:51:22,908  INFO  [141/526] DOC  2020-01-01 → 2023-07-30
2026-03-31 23:51:23,138  INFO    DOC: inserted 899 rows, earliest now 2020-01-02
2026-03-31 23:51:23,638  INFO  [142/526] DOV  2020-01-01 → 2023-07-30
2026-03-31 23:51:23,876  INFO    DOV: inserted 899 rows, earliest now 2020-01-02
2026-03-31 23:51:24,377  INFO  [143/526] DOW  2020-01-01 → 2023-07-30
2026-03-31 23:51:24,531  INFO    DOW: inserted 899 rows, earliest now 2020-01-02
2026-03-31 23:51:25,031  INFO  [144/526] DPZ  2020-01-01 → 2023-07-30
2026-03-31 23:51:25,210  INFO    DPZ: inserted 899 rows, earliest now 2020-01-02
2026-03-31 23:51:25,710  INFO  [145/526] DRI  2020-01-01 → 2023-07-30
2026-03-31 23:51:25,899  INFO    DRI: inserted 899 rows, earliest now 2020-01-02
2026-03-31 23:51:26,399  INFO  [146/526] DTE  2020-01-01 → 2023-07-30
2026-03-31 23:51:26,701  INFO    DTE: inserted 899 rows, earliest now 2020-01-02
2026-03-31 23:51:27,201  INFO  [147/526] DUK  2020-01-01 → 2023-07-30
2026-03-31 23:51:27,430  INFO    DUK: inserted 899 rows, earliest now 2020-01-02
2026-03-31 23:51:27,931  INFO  [148/526] DVA  2020-01-01 → 2023-07-30
2026-03-31 23:51:28,065  INFO    DVA: inserted 899 rows, earliest now 2020-01-02
2026-03-31 23:51:28,565  INFO  [149/526] DVN  2020-01-01 → 2023-07-30
2026-03-31 23:51:28,784  INFO    DVN: inserted 899 rows, earliest now 2020-01-02
2026-03-31 23:51:29,285  INFO  [150/526] DXCM  2020-01-01 → 2023-07-30
2026-03-31 23:51:29,409  INFO    DXCM: inserted 899 rows, earliest now 2020-01-02
2026-03-31 23:51:29,909  INFO  [151/526] EA  2020-01-01 → 2023-07-30
2026-03-31 23:51:30,039  INFO    EA: inserted 899 rows, earliest now 2020-01-02
2026-03-31 23:51:30,539  INFO  [152/526] EBAY  2020-01-01 → 2023-07-30
2026-03-31 23:51:30,720  INFO    EBAY: inserted 899 rows, earliest now 2020-01-02
2026-03-31 23:51:31,221  INFO  [153/526] ECL  2020-01-01 → 2023-07-30
2026-03-31 23:51:31,427  INFO    ECL: inserted 899 rows, earliest now 2020-01-02
2026-03-31 23:51:31,928  INFO  [154/526] ED  2020-01-01 → 2023-07-30
2026-03-31 23:51:32,221  INFO    ED: inserted 899 rows, earliest now 2020-01-02
2026-03-31 23:51:32,722  INFO  [155/526] EEM  2020-01-01 → 2023-08-13
2026-03-31 23:51:32,895  INFO    EEM: inserted 909 rows, earliest now 2020-01-02
2026-03-31 23:51:33,396  INFO  [156/526] EFA  2020-01-01 → 2023-08-13
2026-03-31 23:51:33,578  INFO    EFA: inserted 909 rows, earliest now 2020-01-02
2026-03-31 23:51:34,079  INFO  [157/526] EFX  2020-01-01 → 2023-07-30
2026-03-31 23:51:34,298  INFO    EFX: inserted 899 rows, earliest now 2020-01-02
2026-03-31 23:51:34,798  INFO  [158/526] EG  2020-01-01 → 2023-07-30
2026-03-31 23:51:34,985  INFO    EG: inserted 899 rows, earliest now 2020-01-02
2026-03-31 23:51:35,486  INFO  [159/526] EIX  2020-01-01 → 2023-07-30
2026-03-31 23:51:35,748  INFO    EIX: inserted 899 rows, earliest now 2020-01-02
2026-03-31 23:51:36,249  INFO  [160/526] EL  2020-01-01 → 2023-07-30
2026-03-31 23:51:36,460  INFO    EL: inserted 899 rows, earliest now 2020-01-02
2026-03-31 23:51:36,960  INFO  [161/526] ELV  2020-01-01 → 2023-07-30
2026-03-31 23:51:37,185  INFO    ELV: inserted 899 rows, earliest now 2020-01-02
2026-03-31 23:51:37,686  INFO  [162/526] EMN  2020-01-01 → 2023-07-30
2026-03-31 23:51:37,884  INFO    EMN: inserted 899 rows, earliest now 2020-01-02
2026-03-31 23:51:38,385  INFO  [163/526] EMR  2020-01-01 → 2023-07-30
2026-03-31 23:51:38,727  INFO    EMR: inserted 899 rows, earliest now 2020-01-02
2026-03-31 23:51:39,227  INFO  [164/526] ENPH  2020-01-01 → 2023-07-30
2026-03-31 23:51:39,361  INFO    ENPH: inserted 899 rows, earliest now 2020-01-02
2026-03-31 23:51:39,862  INFO  [165/526] EOG  2020-01-01 → 2023-07-30
2026-03-31 23:51:40,406  INFO    EOG: inserted 899 rows, earliest now 2020-01-02
2026-03-31 23:51:40,906  INFO  [166/526] EPAM  2020-01-01 → 2023-07-30
2026-03-31 23:51:41,030  INFO    EPAM: inserted 899 rows, earliest now 2020-01-02
2026-03-31 23:51:41,530  INFO  [167/526] EQIX  2020-01-01 → 2023-07-30
2026-03-31 23:51:41,697  INFO    EQIX: inserted 899 rows, earliest now 2020-01-02
2026-03-31 23:51:42,198  INFO  [168/526] EQR  2020-01-01 → 2023-07-30
2026-03-31 23:51:42,379  INFO    EQR: inserted 899 rows, earliest now 2020-01-02
2026-03-31 23:51:42,879  INFO  [169/526] EQT  2020-01-01 → 2023-07-30
2026-03-31 23:51:43,102  INFO    EQT: inserted 899 rows, earliest now 2020-01-02
2026-03-31 23:51:43,603  INFO  [170/526] ERIE  2020-01-01 → 2023-07-30
2026-03-31 23:51:43,784  INFO    ERIE: inserted 899 rows, earliest now 2020-01-02
2026-03-31 23:51:44,284  INFO  [171/526] ES  2020-01-01 → 2023-07-30
2026-03-31 23:51:44,570  INFO    ES: inserted 899 rows, earliest now 2020-01-02
2026-03-31 23:51:45,071  INFO  [172/526] ESS  2020-01-01 → 2023-07-30
2026-03-31 23:51:45,306  INFO    ESS: inserted 899 rows, earliest now 2020-01-02
2026-03-31 23:51:45,807  INFO  [173/526] ETN  2020-01-01 → 2023-07-30
2026-03-31 23:51:46,115  INFO    ETN: inserted 899 rows, earliest now 2020-01-02
2026-03-31 23:51:46,616  INFO  [174/526] ETR  2020-01-01 → 2023-07-30
2026-03-31 23:51:46,861  INFO    ETR: inserted 899 rows, earliest now 2020-01-02
2026-03-31 23:51:47,362  INFO  [175/526] EVRG  2020-01-01 → 2023-07-30
2026-03-31 23:51:47,730  INFO    EVRG: inserted 899 rows, earliest now 2020-01-02
2026-03-31 23:51:48,231  INFO  [176/526] EW  2020-01-01 → 2023-07-30
2026-03-31 23:51:48,358  INFO    EW: inserted 899 rows, earliest now 2020-01-02
2026-03-31 23:51:48,858  INFO  [177/526] EXC  2020-01-01 → 2023-07-30
2026-03-31 23:51:49,115  INFO    EXC: inserted 899 rows, earliest now 2020-01-02
2026-03-31 23:51:49,615  INFO  [178/526] EXE  2020-01-01 → 2024-10-01
2026-03-31 23:51:49,751  INFO    EXE: inserted 915 rows, earliest now 2021-02-10
2026-03-31 23:51:50,252  INFO  [179/526] EXPD  2020-01-01 → 2023-07-30
2026-03-31 23:51:50,466  INFO    EXPD: inserted 899 rows, earliest now 2020-01-02
2026-03-31 23:51:50,966  INFO  [180/526] EXPE  2020-01-01 → 2023-07-30
2026-03-31 23:51:51,128  INFO    EXPE: inserted 899 rows, earliest now 2020-01-02
2026-03-31 23:51:51,629  INFO  [181/526] EXR  2020-01-01 → 2023-07-30
2026-03-31 23:51:51,791  INFO    EXR: inserted 899 rows, earliest now 2020-01-02
2026-03-31 23:51:52,292  INFO  [182/526] F  2020-01-01 → 2023-07-30
2026-03-31 23:51:52,555  INFO    F: inserted 899 rows, earliest now 2020-01-02
2026-03-31 23:51:53,056  INFO  [183/526] FANG  2020-01-01 → 2023-07-30
2026-03-31 23:51:53,200  INFO    FANG: inserted 899 rows, earliest now 2020-01-02
2026-03-31 23:51:53,701  INFO  [184/526] FAST  2020-01-01 → 2023-07-30
2026-03-31 23:51:53,945  INFO    FAST: inserted 899 rows, earliest now 2020-01-02
2026-03-31 23:51:54,445  INFO  [185/526] FCX  2020-01-01 → 2023-07-30
2026-03-31 23:51:54,673  INFO    FCX: inserted 899 rows, earliest now 2020-01-02
2026-03-31 23:51:55,174  INFO  [186/526] FDS  2020-01-01 → 2023-07-30
2026-03-31 23:51:55,375  INFO    FDS: inserted 899 rows, earliest now 2020-01-02
2026-03-31 23:51:55,875  INFO  [187/526] FDX  2020-01-01 → 2023-07-30
2026-03-31 23:51:56,093  INFO    FDX: inserted 899 rows, earliest now 2020-01-02
2026-03-31 23:51:56,594  INFO  [188/526] FE  2020-01-01 → 2023-07-30
2026-03-31 23:51:56,805  INFO    FE: inserted 899 rows, earliest now 2020-01-02
2026-03-31 23:51:57,305  INFO  [189/526] FFIV  2020-01-01 → 2023-07-30
2026-03-31 23:51:57,421  INFO    FFIV: inserted 899 rows, earliest now 2020-01-02
2026-03-31 23:51:57,922  INFO  [190/526] FI  2020-01-01 → 2023-07-30
2026-03-31 23:51:58,205  ERROR  HTTP Error 404: {"quoteSummary":{"result":null,"error":{"code":"Not Found","description":"Quote not found for symbol: FI"}}}
2026-03-31 23:51:58,283  ERROR  $FI: possibly delisted; no timezone found
2026-03-31 23:51:58,283  ERROR  
1 Failed download:
2026-03-31 23:51:58,283  ERROR  ['FI']: possibly delisted; no timezone found
2026-03-31 23:51:58,285  INFO    FI: no data returned
2026-03-31 23:51:58,785  INFO  [191/526] FICO  2020-01-01 → 2023-07-30
2026-03-31 23:51:58,971  INFO    FICO: inserted 899 rows, earliest now 2020-01-02
2026-03-31 23:51:59,472  INFO  [192/526] FIS  2020-01-01 → 2023-07-30
2026-03-31 23:51:59,649  INFO    FIS: inserted 899 rows, earliest now 2020-01-02
2026-03-31 23:52:00,149  INFO  [193/526] FITB  2020-01-01 → 2023-07-30
2026-03-31 23:52:00,419  INFO    FITB: inserted 899 rows, earliest now 2020-01-02
2026-03-31 23:52:00,920  INFO  [194/526] FOX  2020-01-01 → 2023-07-30
2026-03-31 23:52:01,094  INFO    FOX: inserted 899 rows, earliest now 2020-01-02
2026-03-31 23:52:01,594  INFO  [195/526] FOXA  2020-01-01 → 2023-07-30
2026-03-31 23:52:01,753  INFO    FOXA: inserted 899 rows, earliest now 2020-01-02
2026-03-31 23:52:02,254  INFO  [196/526] FRT  2020-01-01 → 2023-07-30
2026-03-31 23:52:02,470  INFO    FRT: inserted 899 rows, earliest now 2020-01-02
2026-03-31 23:52:02,970  INFO  [197/526] FSLR  2020-01-01 → 2023-07-30
2026-03-31 23:52:03,097  INFO    FSLR: inserted 899 rows, earliest now 2020-01-02
2026-03-31 23:52:03,598  INFO  [198/526] FTNT  2020-01-01 → 2023-07-30
2026-03-31 23:52:03,758  INFO    FTNT: inserted 899 rows, earliest now 2020-01-02
2026-03-31 23:52:04,258  INFO  [199/526] FTV  2020-01-01 → 2023-07-30
2026-03-31 23:52:04,418  INFO    FTV: inserted 899 rows, earliest now 2020-01-02
2026-03-31 23:52:04,919  INFO  [200/526] GD  2020-01-01 → 2023-07-30
2026-03-31 23:52:05,248  INFO    GD: inserted 899 rows, earliest now 2020-01-02
2026-03-31 23:52:05,748  INFO  [201/526] GDDY  2020-01-01 → 2023-07-30
2026-03-31 23:52:05,868  INFO    GDDY: inserted 899 rows, earliest now 2020-01-02
2026-03-31 23:52:06,368  INFO  [202/526] GE  2020-01-01 → 2023-07-30
2026-03-31 23:52:06,699  INFO    GE: inserted 899 rows, earliest now 2020-01-02
2026-03-31 23:52:07,200  INFO  [203/526] GEHC  2020-01-01 → 2023-07-30
2026-03-31 23:52:07,293  INFO    GEHC: inserted 154 rows, earliest now 2022-12-15
2026-03-31 23:52:07,794  INFO  [204/526] GEN  2020-01-01 → 2023-07-30
2026-03-31 23:52:07,955  INFO    GEN: inserted 899 rows, earliest now 2020-01-02
2026-03-31 23:52:08,456  INFO  [205/526] GEV  2020-01-01 → 2024-04-01
2026-03-31 23:52:08,540  INFO    GEV: inserted 2 rows, earliest now 2024-03-27
2026-03-31 23:52:09,041  INFO  [206/526] GILD  2020-01-01 → 2023-07-30
2026-03-31 23:52:09,195  INFO    GILD: inserted 899 rows, earliest now 2020-01-02
2026-03-31 23:52:09,695  INFO  [207/526] GIS  2020-01-01 → 2023-07-30
2026-03-31 23:52:09,932  INFO    GIS: inserted 899 rows, earliest now 2020-01-02
2026-03-31 23:52:10,433  INFO  [208/526] GL  2020-01-01 → 2023-07-30
2026-03-31 23:52:10,632  INFO    GL: inserted 899 rows, earliest now 2020-01-02
2026-03-31 23:52:11,133  INFO  [209/526] GLD  2020-01-01 → 2023-08-13
2026-03-31 23:52:11,271  INFO    GLD: inserted 909 rows, earliest now 2020-01-02
2026-03-31 23:52:11,772  INFO  [210/526] GLW  2020-01-01 → 2023-07-30
2026-03-31 23:52:12,040  INFO    GLW: inserted 899 rows, earliest now 2020-01-02
2026-03-31 23:52:12,540  INFO  [211/526] GM  2020-01-01 → 2023-07-30
2026-03-31 23:52:12,690  INFO    GM: inserted 899 rows, earliest now 2020-01-02
2026-03-31 23:52:13,191  INFO  [212/526] GNRC  2020-01-01 → 2023-07-30
2026-03-31 23:52:13,312  INFO    GNRC: inserted 899 rows, earliest now 2020-01-02
2026-03-31 23:52:13,812  INFO  [213/526] GOOG  2020-01-01 → 2023-07-30
2026-03-31 23:52:13,966  INFO    GOOG: inserted 899 rows, earliest now 2020-01-02
2026-03-31 23:52:14,466  INFO  [214/526] GOOGL  2020-01-01 → 2023-07-30
2026-03-31 23:52:14,594  INFO    GOOGL: inserted 899 rows, earliest now 2020-01-02
2026-03-31 23:52:15,095  INFO  [215/526] GPC  2020-01-01 → 2023-07-30
2026-03-31 23:52:15,306  INFO    GPC: inserted 899 rows, earliest now 2020-01-02
2026-03-31 23:52:15,806  INFO  [216/526] GPN  2020-01-01 → 2023-07-30
2026-03-31 23:52:15,988  INFO    GPN: inserted 899 rows, earliest now 2020-01-02
2026-03-31 23:52:16,489  INFO  [217/526] GRMN  2020-01-01 → 2023-07-30
2026-03-31 23:52:16,661  INFO    GRMN: inserted 899 rows, earliest now 2020-01-02
2026-03-31 23:52:17,162  INFO  [218/526] GS  2020-01-01 → 2023-07-30
2026-03-31 23:52:17,338  INFO    GS: inserted 899 rows, earliest now 2020-01-02
2026-03-31 23:52:17,838  INFO  [219/526] GWW  2020-01-01 → 2023-07-30
2026-03-31 23:52:18,166  INFO    GWW: inserted 899 rows, earliest now 2020-01-02
2026-03-31 23:52:18,667  INFO  [220/526] HAL  2020-01-01 → 2023-07-30
2026-03-31 23:52:18,959  INFO    HAL: inserted 899 rows, earliest now 2020-01-02
2026-03-31 23:52:19,459  INFO  [221/526] HAS  2020-01-01 → 2023-07-30
2026-03-31 23:52:19,677  INFO    HAS: inserted 899 rows, earliest now 2020-01-02
2026-03-31 23:52:20,177  INFO  [222/526] HBAN  2020-01-01 → 2023-07-30
2026-03-31 23:52:20,399  INFO    HBAN: inserted 899 rows, earliest now 2020-01-02
2026-03-31 23:52:20,899  INFO  [223/526] HCA  2020-01-01 → 2023-07-30
2026-03-31 23:52:21,038  INFO    HCA: inserted 899 rows, earliest now 2020-01-02
2026-03-31 23:52:21,538  INFO  [224/526] HD  2020-01-01 → 2023-07-30
2026-03-31 23:52:21,750  INFO    HD: inserted 899 rows, earliest now 2020-01-02
2026-03-31 23:52:22,251  INFO  [225/526] HIG  2020-01-01 → 2023-07-30
2026-03-31 23:52:22,435  INFO    HIG: inserted 899 rows, earliest now 2020-01-02
2026-03-31 23:52:22,935  INFO  [226/526] HII  2020-01-01 → 2023-07-30
2026-03-31 23:52:23,077  INFO    HII: inserted 899 rows, earliest now 2020-01-02
2026-03-31 23:52:23,578  INFO  [227/526] HLT  2020-01-01 → 2023-07-30
2026-03-31 23:52:23,720  INFO    HLT: inserted 899 rows, earliest now 2020-01-02
2026-03-31 23:52:24,220  INFO  [228/526] HOLX  2020-01-01 → 2023-07-30
2026-03-31 23:52:24,341  INFO    HOLX: inserted 899 rows, earliest now 2020-01-02
2026-03-31 23:52:24,841  INFO  [229/526] HON  2020-01-01 → 2023-07-30
2026-03-31 23:52:25,134  INFO    HON: inserted 899 rows, earliest now 2020-01-02
2026-03-31 23:52:25,635  INFO  [230/526] HPE  2020-01-01 → 2023-07-30
2026-03-31 23:52:25,776  INFO    HPE: inserted 899 rows, earliest now 2020-01-02
2026-03-31 23:52:26,277  INFO  [231/526] HPQ  2020-01-01 → 2023-07-30
2026-03-31 23:52:26,571  INFO    HPQ: inserted 899 rows, earliest now 2020-01-02
2026-03-31 23:52:27,072  INFO  [232/526] HRL  2020-01-01 → 2023-07-30
2026-03-31 23:52:27,274  INFO    HRL: inserted 899 rows, earliest now 2020-01-02
2026-03-31 23:52:27,775  INFO  [233/526] HSIC  2020-01-01 → 2023-07-30
2026-03-31 23:52:27,903  INFO    HSIC: inserted 899 rows, earliest now 2020-01-02
2026-03-31 23:52:28,403  INFO  [234/526] HST  2020-01-01 → 2023-07-30
2026-03-31 23:52:28,653  INFO    HST: inserted 899 rows, earliest now 2020-01-02
2026-03-31 23:52:29,153  INFO  [235/526] HSY  2020-01-01 → 2023-07-30
2026-03-31 23:52:29,356  INFO    HSY: inserted 899 rows, earliest now 2020-01-02
2026-03-31 23:52:29,857  INFO  [236/526] HUBB  2020-01-01 → 2023-07-30
2026-03-31 23:52:30,088  INFO    HUBB: inserted 899 rows, earliest now 2020-01-02
2026-03-31 23:52:30,588  INFO  [237/526] HUM  2020-01-01 → 2023-07-30
2026-03-31 23:52:30,886  INFO    HUM: inserted 899 rows, earliest now 2020-01-02
2026-03-31 23:52:31,387  INFO  [238/526] HWM  2020-01-01 → 2023-07-30
2026-03-31 23:52:31,607  INFO    HWM: inserted 899 rows, earliest now 2020-01-02
2026-03-31 23:52:32,107  INFO  [239/526] IBM  2020-01-01 → 2023-07-30
2026-03-31 23:52:32,420  INFO    IBM: inserted 899 rows, earliest now 2020-01-02
2026-03-31 23:52:32,920  INFO  [240/526] ICE  2020-01-01 → 2023-07-30
2026-03-31 23:52:33,108  INFO    ICE: inserted 899 rows, earliest now 2020-01-02
2026-03-31 23:52:33,608  INFO  [241/526] IDXX  2020-01-01 → 2023-07-30
2026-03-31 23:52:33,731  INFO    IDXX: inserted 899 rows, earliest now 2020-01-02
2026-03-31 23:52:34,231  INFO  [242/526] IEX  2020-01-01 → 2023-07-30
2026-03-31 23:52:34,453  INFO    IEX: inserted 899 rows, earliest now 2020-01-02
2026-03-31 23:52:34,953  INFO  [243/526] IFF  2020-01-01 → 2023-07-30
2026-03-31 23:52:35,232  INFO    IFF: inserted 899 rows, earliest now 2020-01-02
2026-03-31 23:52:35,732  INFO  [244/526] INCY  2020-01-01 → 2023-07-30
2026-03-31 23:52:35,849  INFO    INCY: inserted 899 rows, earliest now 2020-01-02
2026-03-31 23:52:36,349  INFO  [245/526] INTC  2020-01-01 → 2023-07-30
2026-03-31 23:52:36,555  INFO    INTC: inserted 899 rows, earliest now 2020-01-02
2026-03-31 23:52:37,055  INFO  [246/526] INTU  2020-01-01 → 2023-07-30
2026-03-31 23:52:37,205  INFO    INTU: inserted 899 rows, earliest now 2020-01-02
2026-03-31 23:52:37,705  INFO  [247/526] INVH  2020-01-01 → 2023-07-30
2026-03-31 23:52:37,853  INFO    INVH: inserted 899 rows, earliest now 2020-01-02
2026-03-31 23:52:38,353  INFO  [248/526] IP  2020-01-01 → 2023-07-30
2026-03-31 23:52:38,700  INFO    IP: inserted 899 rows, earliest now 2020-01-02
2026-03-31 23:52:39,201  INFO  [249/526] IPG  2020-01-01 → 2023-07-30
2026-03-31 23:52:39,351  ERROR  $IPG: possibly delisted; no timezone found
2026-03-31 23:52:39,351  ERROR  
1 Failed download:
2026-03-31 23:52:39,351  ERROR  ['IPG']: possibly delisted; no timezone found
2026-03-31 23:52:39,353  INFO    IPG: no data returned
2026-03-31 23:52:39,853  INFO  [250/526] IQV  2020-01-01 → 2023-07-30
2026-03-31 23:52:39,971  INFO    IQV: inserted 899 rows, earliest now 2020-01-02
2026-03-31 23:52:40,471  INFO  [251/526] IR  2020-01-01 → 2023-07-30
2026-03-31 23:52:40,607  INFO    IR: inserted 899 rows, earliest now 2020-01-02
2026-03-31 23:52:41,108  INFO  [252/526] IRM  2020-01-01 → 2023-07-30
2026-03-31 23:52:41,295  INFO    IRM: inserted 899 rows, earliest now 2020-01-02
2026-03-31 23:52:41,796  INFO  [253/526] ISRG  2020-01-01 → 2023-07-30
2026-03-31 23:52:41,937  INFO    ISRG: inserted 899 rows, earliest now 2020-01-02
2026-03-31 23:52:42,438  INFO  [254/526] IT  2020-01-01 → 2023-07-30
2026-03-31 23:52:42,566  INFO    IT: inserted 899 rows, earliest now 2020-01-02
2026-03-31 23:52:43,067  INFO  [255/526] ITW  2020-01-01 → 2023-07-30
2026-03-31 23:52:43,302  INFO    ITW: inserted 899 rows, earliest now 2020-01-02
2026-03-31 23:52:43,803  INFO  [256/526] IVV  2020-01-01 → 2023-08-13
2026-03-31 23:52:44,021  INFO    IVV: inserted 909 rows, earliest now 2020-01-02
2026-03-31 23:52:44,521  INFO  [257/526] IVZ  2020-01-01 → 2023-07-30
2026-03-31 23:52:44,720  INFO    IVZ: inserted 899 rows, earliest now 2020-01-02
2026-03-31 23:52:45,221  INFO  [258/526] IWM  2020-01-01 → 2023-08-13
2026-03-31 23:52:45,403  INFO    IWM: inserted 909 rows, earliest now 2020-01-02
2026-03-31 23:52:45,904  INFO  [259/526] J  2020-01-01 → 2023-07-30
2026-03-31 23:52:46,047  INFO    J: inserted 899 rows, earliest now 2020-01-02
2026-03-31 23:52:46,547  INFO  [260/526] JBHT  2020-01-01 → 2023-07-30
2026-03-31 23:52:46,785  INFO    JBHT: inserted 899 rows, earliest now 2020-01-02
2026-03-31 23:52:47,286  INFO  [261/526] JBL  2020-01-01 → 2023-07-30
2026-03-31 23:52:47,454  INFO    JBL: inserted 899 rows, earliest now 2020-01-02
2026-03-31 23:52:47,954  INFO  [262/526] JCI  2020-01-01 → 2023-07-30
2026-03-31 23:52:48,201  INFO    JCI: inserted 899 rows, earliest now 2020-01-02
2026-03-31 23:52:48,701  INFO  [263/526] JKHY  2020-01-01 → 2023-07-30
2026-03-31 23:52:48,896  INFO    JKHY: inserted 899 rows, earliest now 2020-01-02
2026-03-31 23:52:49,396  INFO  [264/526] JNJ  2020-01-01 → 2023-07-30
2026-03-31 23:52:49,710  INFO    JNJ: inserted 899 rows, earliest now 2020-01-02
2026-03-31 23:52:50,211  INFO  [265/526] JPM  2020-01-01 → 2023-07-30
2026-03-31 23:52:50,737  INFO    JPM: inserted 899 rows, earliest now 2020-01-02
2026-03-31 23:52:51,237  INFO  [266/526] K  2020-01-01 → 2023-07-30
2026-03-31 23:52:51,337  ERROR  $K: possibly delisted; no timezone found
2026-03-31 23:52:51,337  ERROR  
1 Failed download:
2026-03-31 23:52:51,337  ERROR  ['K']: possibly delisted; no timezone found
2026-03-31 23:52:51,339  INFO    K: no data returned
2026-03-31 23:52:51,839  INFO  [267/526] KDP  2020-01-01 → 2023-07-30
2026-03-31 23:52:52,007  INFO    KDP: inserted 899 rows, earliest now 2020-01-02
2026-03-31 23:52:52,507  INFO  [268/526] KEY  2020-01-01 → 2023-07-30
2026-03-31 23:52:52,752  INFO    KEY: inserted 899 rows, earliest now 2020-01-02
2026-03-31 23:52:53,252  INFO  [269/526] KEYS  2020-01-01 → 2023-07-30
2026-03-31 23:52:53,395  INFO    KEYS: inserted 899 rows, earliest now 2020-01-02
2026-03-31 23:52:53,895  INFO  [270/526] KHC  2020-01-01 → 2023-07-30
2026-03-31 23:52:54,040  INFO    KHC: inserted 899 rows, earliest now 2020-01-02
2026-03-31 23:52:54,540  INFO  [271/526] KIM  2020-01-01 → 2023-07-30
2026-03-31 23:52:54,732  INFO    KIM: inserted 899 rows, earliest now 2020-01-02
2026-03-31 23:52:55,232  INFO  [272/526] KKR  2020-01-01 → 2023-07-30
2026-03-31 23:52:55,413  INFO    KKR: inserted 899 rows, earliest now 2020-01-02
2026-03-31 23:52:55,914  INFO  [273/526] KLAC  2020-01-01 → 2023-07-30
2026-03-31 23:52:56,104  INFO    KLAC: inserted 899 rows, earliest now 2020-01-02
2026-03-31 23:52:56,604  INFO  [274/526] KMB  2020-01-01 → 2023-07-30
2026-03-31 23:52:56,825  INFO    KMB: inserted 899 rows, earliest now 2020-01-02
2026-03-31 23:52:57,326  INFO  [275/526] KMI  2020-01-01 → 2023-07-30
2026-03-31 23:52:57,475  INFO    KMI: inserted 899 rows, earliest now 2020-01-02
2026-03-31 23:52:57,975  INFO  [276/526] KMX  2020-01-01 → 2023-07-30
2026-03-31 23:52:58,093  INFO    KMX: inserted 899 rows, earliest now 2020-01-02
2026-03-31 23:52:58,594  INFO  [277/526] KO  2020-01-01 → 2023-07-30
2026-03-31 23:52:58,881  INFO    KO: inserted 899 rows, earliest now 2020-01-02
2026-03-31 23:52:59,381  INFO  [278/526] KR  2020-01-01 → 2023-07-30
2026-03-31 23:52:59,734  INFO    KR: inserted 899 rows, earliest now 2020-01-02
2026-03-31 23:53:00,234  INFO  [279/526] KVUE  2020-01-01 → 2023-07-30
2026-03-31 23:53:00,326  INFO    KVUE: inserted 59 rows, earliest now 2023-05-04
2026-03-31 23:53:00,827  INFO  [280/526] L  2020-01-01 → 2023-07-30
2026-03-31 23:53:01,024  INFO    L: inserted 899 rows, earliest now 2020-01-02
2026-03-31 23:53:01,524  INFO  [281/526] LDOS  2020-01-01 → 2023-07-30
2026-03-31 23:53:01,692  INFO    LDOS: inserted 899 rows, earliest now 2020-01-02
2026-03-31 23:53:02,192  INFO  [282/526] LEN  2020-01-01 → 2023-07-30
2026-03-31 23:53:02,424  INFO    LEN: inserted 899 rows, earliest now 2020-01-02
2026-03-31 23:53:02,925  INFO  [283/526] LH  2020-01-01 → 2023-07-30
2026-03-31 23:53:03,140  INFO    LH: inserted 899 rows, earliest now 2020-01-02
2026-03-31 23:53:03,640  INFO  [284/526] LHX  2020-01-01 → 2023-07-30
2026-03-31 23:53:03,885  INFO    LHX: inserted 899 rows, earliest now 2020-01-02
2026-03-31 23:53:04,386  INFO  [285/526] LII  2020-01-01 → 2023-07-30
2026-03-31 23:53:04,573  INFO    LII: inserted 899 rows, earliest now 2020-01-02
2026-03-31 23:53:05,074  INFO  [286/526] LIN  2020-01-01 → 2023-07-30
2026-03-31 23:53:05,334  INFO    LIN: inserted 899 rows, earliest now 2020-01-02
2026-03-31 23:53:05,835  INFO  [287/526] LKQ  2020-01-01 → 2023-07-30
2026-03-31 23:53:05,970  INFO    LKQ: inserted 899 rows, earliest now 2020-01-02
2026-03-31 23:53:06,470  INFO  [288/526] LLY  2020-01-01 → 2023-07-30
2026-03-31 23:53:06,752  INFO    LLY: inserted 899 rows, earliest now 2020-01-02
2026-03-31 23:53:07,253  INFO  [289/526] LMT  2020-01-01 → 2023-07-30
2026-03-31 23:53:07,512  INFO    LMT: inserted 899 rows, earliest now 2020-01-02
2026-03-31 23:53:08,013  INFO  [290/526] LNT  2020-01-01 → 2023-07-30
2026-03-31 23:53:08,228  INFO    LNT: inserted 899 rows, earliest now 2020-01-02
2026-03-31 23:53:08,729  INFO  [291/526] LOW  2020-01-01 → 2023-07-30
2026-03-31 23:53:08,960  INFO    LOW: inserted 899 rows, earliest now 2020-01-02
2026-03-31 23:53:09,461  INFO  [292/526] LRCX  2020-01-01 → 2023-07-30
2026-03-31 23:53:09,609  INFO    LRCX: inserted 899 rows, earliest now 2020-01-02
2026-03-31 23:53:10,109  INFO  [293/526] LULU  2020-01-01 → 2023-07-30
2026-03-31 23:53:10,230  INFO    LULU: inserted 899 rows, earliest now 2020-01-02
2026-03-31 23:53:10,730  INFO  [294/526] LUV  2020-01-01 → 2023-07-30
2026-03-31 23:53:10,958  INFO    LUV: inserted 899 rows, earliest now 2020-01-02
2026-03-31 23:53:11,459  INFO  [295/526] LVS  2020-01-01 → 2023-07-30
2026-03-31 23:53:11,618  INFO    LVS: inserted 899 rows, earliest now 2020-01-02
2026-03-31 23:53:12,119  INFO  [296/526] LW  2020-01-01 → 2023-07-30
2026-03-31 23:53:12,269  INFO    LW: inserted 899 rows, earliest now 2020-01-02
2026-03-31 23:53:12,770  INFO  [297/526] LYB  2020-01-01 → 2023-07-30
2026-03-31 23:53:12,918  INFO    LYB: inserted 899 rows, earliest now 2020-01-02
2026-03-31 23:53:13,418  INFO  [298/526] LYV  2020-01-01 → 2023-07-30
2026-03-31 23:53:13,533  INFO    LYV: inserted 899 rows, earliest now 2020-01-02
2026-03-31 23:53:14,033  INFO  [299/526] MA  2020-01-01 → 2023-07-30
2026-03-31 23:53:14,242  INFO    MA: inserted 899 rows, earliest now 2020-01-02
2026-03-31 23:53:14,742  INFO  [300/526] MAA  2020-01-01 → 2023-07-30
2026-03-31 23:53:14,940  INFO    MAA: inserted 899 rows, earliest now 2020-01-02
2026-03-31 23:53:15,441  INFO  [301/526] MAR  2020-01-01 → 2023-07-30
2026-03-31 23:53:15,624  INFO    MAR: inserted 899 rows, earliest now 2020-01-02
2026-03-31 23:53:16,124  INFO  [302/526] MAS  2020-01-01 → 2023-07-30
2026-03-31 23:53:16,377  INFO    MAS: inserted 899 rows, earliest now 2020-01-02
2026-03-31 23:53:16,877  INFO  [303/526] MCD  2020-01-01 → 2023-07-30
2026-03-31 23:53:17,167  INFO    MCD: inserted 899 rows, earliest now 2020-01-02
2026-03-31 23:53:17,668  INFO  [304/526] MCHP  2020-01-01 → 2023-07-30
2026-03-31 23:53:17,858  INFO    MCHP: inserted 899 rows, earliest now 2020-01-02
2026-03-31 23:53:18,358  INFO  [305/526] MCK  2020-01-01 → 2023-07-30
2026-03-31 23:53:18,572  INFO    MCK: inserted 899 rows, earliest now 2020-01-02
2026-03-31 23:53:19,072  INFO  [306/526] MCO  2020-01-01 → 2023-07-30
2026-03-31 23:53:19,265  INFO    MCO: inserted 899 rows, earliest now 2020-01-02
2026-03-31 23:53:19,765  INFO  [307/526] MDLZ  2020-01-01 → 2023-07-30
2026-03-31 23:53:19,957  INFO    MDLZ: inserted 899 rows, earliest now 2020-01-02
2026-03-31 23:53:20,457  INFO  [308/526] MDT  2020-01-01 → 2023-07-30
2026-03-31 23:53:20,728  INFO    MDT: inserted 899 rows, earliest now 2020-01-02
2026-03-31 23:53:21,229  INFO  [309/526] MET  2020-01-01 → 2023-07-30
2026-03-31 23:53:21,395  INFO    MET: inserted 899 rows, earliest now 2020-01-02
2026-03-31 23:53:21,896  INFO  [310/526] META  2020-01-01 → 2023-07-30
2026-03-31 23:53:22,041  INFO    META: inserted 899 rows, earliest now 2020-01-02
2026-03-31 23:53:22,541  INFO  [311/526] MGM  2020-01-01 → 2023-07-30
2026-03-31 23:53:22,711  INFO    MGM: inserted 899 rows, earliest now 2020-01-02
2026-03-31 23:53:23,211  INFO  [312/526] MHK  2020-01-01 → 2023-07-30
2026-03-31 23:53:23,329  INFO    MHK: inserted 899 rows, earliest now 2020-01-02
2026-03-31 23:53:23,829  INFO  [313/526] MKC  2020-01-01 → 2023-07-30
2026-03-31 23:53:24,058  INFO    MKC: inserted 899 rows, earliest now 2020-01-02
2026-03-31 23:53:24,558  INFO  [314/526] MKTX  2020-01-01 → 2023-07-30
2026-03-31 23:53:24,754  INFO    MKTX: inserted 899 rows, earliest now 2020-01-02
2026-03-31 23:53:25,254  INFO  [315/526] MLM  2020-01-01 → 2023-07-30
2026-03-31 23:53:25,520  INFO    MLM: inserted 899 rows, earliest now 2020-01-02
2026-03-31 23:53:26,020  INFO  [316/526] MMC  2020-01-01 → 2023-07-30
2026-03-31 23:53:26,197  ERROR  $MMC: possibly delisted; no timezone found
2026-03-31 23:53:26,197  ERROR  
1 Failed download:
2026-03-31 23:53:26,197  ERROR  ['MMC']: possibly delisted; no timezone found
2026-03-31 23:53:26,198  INFO    MMC: no data returned
2026-03-31 23:53:26,699  INFO  [317/526] MMM  2020-01-01 → 2023-07-30
2026-03-31 23:53:26,999  INFO    MMM: inserted 899 rows, earliest now 2020-01-02
2026-03-31 23:53:27,500  INFO  [318/526] MNST  2020-01-01 → 2023-07-30
2026-03-31 23:53:27,616  INFO    MNST: inserted 899 rows, earliest now 2020-01-02
2026-03-31 23:53:28,117  INFO  [319/526] MO  2020-01-01 → 2023-07-30
2026-03-31 23:53:28,440  INFO    MO: inserted 899 rows, earliest now 2020-01-02
2026-03-31 23:53:28,941  INFO  [320/526] MOH  2020-01-01 → 2023-07-30
2026-03-31 23:53:29,056  INFO    MOH: inserted 899 rows, earliest now 2020-01-02
2026-03-31 23:53:29,557  INFO  [321/526] MOS  2020-01-01 → 2023-07-30
2026-03-31 23:53:29,777  INFO    MOS: inserted 899 rows, earliest now 2020-01-02
2026-03-31 23:53:30,277  INFO  [322/526] MPC  2020-01-01 → 2023-07-30
2026-03-31 23:53:30,424  INFO    MPC: inserted 899 rows, earliest now 2020-01-02
2026-03-31 23:53:30,924  INFO  [323/526] MPWR  2020-01-01 → 2023-07-30
2026-03-31 23:53:31,090  INFO    MPWR: inserted 899 rows, earliest now 2020-01-02
2026-03-31 23:53:31,590  INFO  [324/526] MRK  2020-01-01 → 2023-07-30
2026-03-31 23:53:31,863  INFO    MRK: inserted 899 rows, earliest now 2020-01-02
2026-03-31 23:53:32,364  INFO  [325/526] MRNA  2020-01-01 → 2023-07-30
2026-03-31 23:53:32,481  INFO    MRNA: inserted 899 rows, earliest now 2020-01-02
2026-03-31 23:53:32,981  INFO  [326/526] MS  2020-01-01 → 2023-07-30
2026-03-31 23:53:33,195  INFO    MS: inserted 899 rows, earliest now 2020-01-02
2026-03-31 23:53:33,695  INFO  [327/526] MSCI  2020-01-01 → 2023-07-30
2026-03-31 23:53:34,003  INFO    MSCI: inserted 899 rows, earliest now 2020-01-02
2026-03-31 23:53:34,503  INFO  [328/526] MSFT  2020-01-01 → 2023-07-30
2026-03-31 23:53:34,675  INFO    MSFT: inserted 899 rows, earliest now 2020-01-02
2026-03-31 23:53:35,176  INFO  [329/526] MSI  2020-01-01 → 2023-07-30
2026-03-31 23:53:35,475  INFO    MSI: inserted 899 rows, earliest now 2020-01-02
2026-03-31 23:53:35,975  INFO  [330/526] MTB  2020-01-01 → 2023-07-30
2026-03-31 23:53:36,211  INFO    MTB: inserted 899 rows, earliest now 2020-01-02
2026-03-31 23:53:36,712  INFO  [331/526] MTCH  2020-01-01 → 2023-07-30
2026-03-31 23:53:36,881  INFO    MTCH: inserted 899 rows, earliest now 2020-01-02
2026-03-31 23:53:37,382  INFO  [332/526] MTD  2020-01-01 → 2023-07-30
2026-03-31 23:53:37,507  INFO    MTD: inserted 899 rows, earliest now 2020-01-02
2026-03-31 23:53:38,008  INFO  [333/526] MU  2020-01-01 → 2023-07-30
2026-03-31 23:53:38,204  INFO    MU: inserted 899 rows, earliest now 2020-01-02
2026-03-31 23:53:38,704  INFO  [334/526] NCLH  2020-01-01 → 2023-07-30
2026-03-31 23:53:38,820  INFO    NCLH: inserted 899 rows, earliest now 2020-01-02
2026-03-31 23:53:39,320  INFO  [335/526] NDAQ  2020-01-01 → 2023-07-30
2026-03-31 23:53:39,482  INFO    NDAQ: inserted 899 rows, earliest now 2020-01-02
2026-03-31 23:53:39,982  INFO  [336/526] NDSN  2020-01-01 → 2023-07-30
2026-03-31 23:53:40,232  INFO    NDSN: inserted 899 rows, earliest now 2020-01-02
2026-03-31 23:53:40,733  INFO  [337/526] NEE  2020-01-01 → 2023-07-30
2026-03-31 23:53:40,983  INFO    NEE: inserted 899 rows, earliest now 2020-01-02
2026-03-31 23:53:41,484  INFO  [338/526] NEM  2020-01-01 → 2023-07-30
2026-03-31 23:53:41,693  INFO    NEM: inserted 899 rows, earliest now 2020-01-02
2026-03-31 23:53:42,193  INFO  [339/526] NFLX  2020-01-01 → 2023-07-30
2026-03-31 23:53:42,313  INFO    NFLX: inserted 899 rows, earliest now 2020-01-02
2026-03-31 23:53:42,813  INFO  [340/526] NI  2020-01-01 → 2023-07-30
2026-03-31 23:53:43,047  INFO    NI: inserted 899 rows, earliest now 2020-01-02
2026-03-31 23:53:43,547  INFO  [341/526] NKE  2020-01-01 → 2023-07-30
2026-03-31 23:53:43,773  INFO    NKE: inserted 899 rows, earliest now 2020-01-02
2026-03-31 23:53:44,274  INFO  [342/526] NOC  2020-01-01 → 2023-07-30
2026-03-31 23:53:44,508  INFO    NOC: inserted 899 rows, earliest now 2020-01-02
2026-03-31 23:53:45,008  INFO  [343/526] NOW  2020-01-01 → 2023-07-30
2026-03-31 23:53:45,128  INFO    NOW: inserted 899 rows, earliest now 2020-01-02
2026-03-31 23:53:45,628  INFO  [344/526] NRG  2020-01-01 → 2023-07-30
2026-03-31 23:53:45,780  INFO    NRG: inserted 899 rows, earliest now 2020-01-02
2026-03-31 23:53:46,280  INFO  [345/526] NSC  2020-01-01 → 2023-07-30
2026-03-31 23:53:46,507  INFO    NSC: inserted 899 rows, earliest now 2020-01-02
2026-03-31 23:53:47,007  INFO  [346/526] NTAP  2020-01-01 → 2023-07-30
2026-03-31 23:53:47,160  INFO    NTAP: inserted 899 rows, earliest now 2020-01-02
2026-03-31 23:53:47,661  INFO  [347/526] NTRS  2020-01-01 → 2023-07-30
2026-03-31 23:53:47,905  INFO    NTRS: inserted 899 rows, earliest now 2020-01-02
2026-03-31 23:53:48,405  INFO  [348/526] NUE  2020-01-01 → 2023-07-30
2026-03-31 23:53:48,629  INFO    NUE: inserted 899 rows, earliest now 2020-01-02
2026-03-31 23:53:49,129  INFO  [349/526] NVDA  2020-01-01 → 2023-07-30
2026-03-31 23:53:49,340  INFO    NVDA: inserted 899 rows, earliest now 2020-01-02
2026-03-31 23:53:49,840  INFO  [350/526] NVR  2020-01-01 → 2023-07-30
2026-03-31 23:53:49,965  INFO    NVR: inserted 899 rows, earliest now 2020-01-02
2026-03-31 23:53:50,466  INFO  [351/526] NWS  2020-01-01 → 2023-07-30
2026-03-31 23:53:50,603  INFO    NWS: inserted 899 rows, earliest now 2020-01-02
2026-03-31 23:53:51,103  INFO  [352/526] NWSA  2020-01-01 → 2023-07-30
2026-03-31 23:53:51,264  INFO    NWSA: inserted 899 rows, earliest now 2020-01-02
2026-03-31 23:53:51,765  INFO  [353/526] NXPI  2020-01-01 → 2023-07-30
2026-03-31 23:53:51,939  INFO    NXPI: inserted 899 rows, earliest now 2020-01-02
2026-03-31 23:53:52,439  INFO  [354/526] O  2020-01-01 → 2023-07-30
2026-03-31 23:53:52,661  INFO    O: inserted 899 rows, earliest now 2020-01-02
2026-03-31 23:53:53,161  INFO  [355/526] ODFL  2020-01-01 → 2023-07-30
2026-03-31 23:53:53,306  INFO    ODFL: inserted 899 rows, earliest now 2020-01-02
2026-03-31 23:53:53,806  INFO  [356/526] OKE  2020-01-01 → 2023-07-30
2026-03-31 23:53:54,053  INFO    OKE: inserted 899 rows, earliest now 2020-01-02
2026-03-31 23:53:54,554  INFO  [357/526] OMC  2020-01-01 → 2023-07-30
2026-03-31 23:53:54,766  INFO    OMC: inserted 899 rows, earliest now 2020-01-02
2026-03-31 23:53:55,267  INFO  [358/526] ON  2020-01-01 → 2023-07-30
2026-03-31 23:53:55,391  INFO    ON: inserted 899 rows, earliest now 2020-01-02
2026-03-31 23:53:55,892  INFO  [359/526] ORCL  2020-01-01 → 2023-07-30
2026-03-31 23:53:56,065  INFO    ORCL: inserted 899 rows, earliest now 2020-01-02
2026-03-31 23:53:56,565  INFO  [360/526] ORLY  2020-01-01 → 2023-07-30
2026-03-31 23:53:56,696  INFO    ORLY: inserted 899 rows, earliest now 2020-01-02
2026-03-31 23:53:57,197  INFO  [361/526] OTIS  2020-01-01 → 2023-07-30
2026-03-31 23:53:57,343  INFO    OTIS: inserted 846 rows, earliest now 2020-03-19
2026-03-31 23:53:57,844  INFO  [362/526] OXY  2020-01-01 → 2023-07-30
2026-03-31 23:53:58,089  INFO    OXY: inserted 899 rows, earliest now 2020-01-02
2026-03-31 23:53:58,589  INFO  [363/526] PANW  2020-01-01 → 2023-07-30
2026-03-31 23:53:58,711  INFO    PANW: inserted 899 rows, earliest now 2020-01-02
2026-03-31 23:53:59,211  INFO  [364/526] PARA  2020-01-01 → 2023-07-30
2026-03-31 23:53:59,309  ERROR  $PARA: possibly delisted; no timezone found
2026-03-31 23:53:59,309  ERROR  
1 Failed download:
2026-03-31 23:53:59,309  ERROR  ['PARA']: possibly delisted; no timezone found
2026-03-31 23:53:59,311  INFO    PARA: no data returned
2026-03-31 23:53:59,811  INFO  [365/526] PAYC  2020-01-01 → 2023-07-30
2026-03-31 23:53:59,935  INFO    PAYC: inserted 899 rows, earliest now 2020-01-02
2026-03-31 23:54:00,436  INFO  [366/526] PAYX  2020-01-01 → 2023-07-30
2026-03-31 23:54:00,667  INFO    PAYX: inserted 899 rows, earliest now 2020-01-02
2026-03-31 23:54:01,167  INFO  [367/526] PCAR  2020-01-01 → 2023-07-30
2026-03-31 23:54:01,427  INFO    PCAR: inserted 899 rows, earliest now 2020-01-02
2026-03-31 23:54:01,928  INFO  [368/526] PCG  2020-01-01 → 2023-07-30
2026-03-31 23:54:02,183  INFO    PCG: inserted 899 rows, earliest now 2020-01-02
2026-03-31 23:54:02,684  INFO  [369/526] PEG  2020-01-01 → 2023-07-30
2026-03-31 23:54:02,945  INFO    PEG: inserted 899 rows, earliest now 2020-01-02
2026-03-31 23:54:03,445  INFO  [370/526] PEP  2020-01-01 → 2023-07-30
2026-03-31 23:54:03,693  INFO    PEP: inserted 899 rows, earliest now 2020-01-02
2026-03-31 23:54:04,193  INFO  [371/526] PFE  2020-01-01 → 2023-07-30
2026-03-31 23:54:04,493  INFO    PFE: inserted 899 rows, earliest now 2020-01-02
2026-03-31 23:54:04,993  INFO  [372/526] PFG  2020-01-01 → 2023-07-30
2026-03-31 23:54:05,207  INFO    PFG: inserted 899 rows, earliest now 2020-01-02
2026-03-31 23:54:05,707  INFO  [373/526] PG  2020-01-01 → 2023-07-30
2026-03-31 23:54:06,003  INFO    PG: inserted 899 rows, earliest now 2020-01-02
2026-03-31 23:54:06,503  INFO  [374/526] PGR  2020-01-01 → 2023-07-30
2026-03-31 23:54:06,730  INFO    PGR: inserted 899 rows, earliest now 2020-01-02
2026-03-31 23:54:07,231  INFO  [375/526] PH  2020-01-01 → 2023-07-30
2026-03-31 23:54:07,488  INFO    PH: inserted 899 rows, earliest now 2020-01-02
2026-03-31 23:54:07,989  INFO  [376/526] PHM  2020-01-01 → 2023-07-30
2026-03-31 23:54:08,210  INFO    PHM: inserted 899 rows, earliest now 2020-01-02
2026-03-31 23:54:08,711  INFO  [377/526] PKG  2020-01-01 → 2023-07-30
2026-03-31 23:54:08,885  INFO    PKG: inserted 899 rows, earliest now 2020-01-02
2026-03-31 23:54:09,385  INFO  [378/526] PLD  2020-01-01 → 2023-07-30
2026-03-31 23:54:09,684  INFO    PLD: inserted 899 rows, earliest now 2020-01-02
2026-03-31 23:54:10,184  INFO  [379/526] PLTR  2020-01-01 → 2023-07-30
2026-03-31 23:54:10,290  INFO    PLTR: inserted 711 rows, earliest now 2020-09-30
2026-03-31 23:54:10,790  INFO  [380/526] PM  2020-01-01 → 2023-07-30
2026-03-31 23:54:10,987  INFO    PM: inserted 899 rows, earliest now 2020-01-02
2026-03-31 23:54:11,487  INFO  [381/526] PNC  2020-01-01 → 2023-07-30
2026-03-31 23:54:11,711  INFO    PNC: inserted 899 rows, earliest now 2020-01-02
2026-03-31 23:54:12,212  INFO  [382/526] PNR  2020-01-01 → 2023-07-30
2026-03-31 23:54:12,436  INFO    PNR: inserted 899 rows, earliest now 2020-01-02
2026-03-31 23:54:12,936  INFO  [383/526] PNW  2020-01-01 → 2023-07-30
2026-03-31 23:54:13,178  INFO    PNW: inserted 899 rows, earliest now 2020-01-02
2026-03-31 23:54:13,679  INFO  [384/526] PODD  2020-01-01 → 2023-07-30
2026-03-31 23:54:13,797  INFO    PODD: inserted 899 rows, earliest now 2020-01-02
2026-03-31 23:54:14,297  INFO  [385/526] POOL  2020-01-01 → 2023-07-30
2026-03-31 23:54:14,502  INFO    POOL: inserted 899 rows, earliest now 2020-01-02
2026-03-31 23:54:15,003  INFO  [386/526] PPG  2020-01-01 → 2023-07-30
2026-03-31 23:54:15,255  INFO    PPG: inserted 899 rows, earliest now 2020-01-02
2026-03-31 23:54:15,756  INFO  [387/526] PPL  2020-01-01 → 2023-07-30
2026-03-31 23:54:16,003  INFO    PPL: inserted 899 rows, earliest now 2020-01-02
2026-03-31 23:54:16,503  INFO  [388/526] PRU  2020-01-01 → 2023-07-30
2026-03-31 23:54:16,772  INFO    PRU: inserted 899 rows, earliest now 2020-01-02
2026-03-31 23:54:17,272  INFO  [389/526] PSA  2020-01-01 → 2023-07-30
2026-03-31 23:54:17,498  INFO    PSA: inserted 899 rows, earliest now 2020-01-02
2026-03-31 23:54:17,999  INFO  [390/526] PSX  2020-01-01 → 2023-07-30
2026-03-31 23:54:18,172  INFO    PSX: inserted 899 rows, earliest now 2020-01-02
2026-03-31 23:54:18,672  INFO  [391/526] PTC  2020-01-01 → 2023-07-30
2026-03-31 23:54:18,790  INFO    PTC: inserted 899 rows, earliest now 2020-01-02
2026-03-31 23:54:19,290  INFO  [392/526] PWR  2020-01-01 → 2023-07-30
2026-03-31 23:54:19,436  INFO    PWR: inserted 899 rows, earliest now 2020-01-02
2026-03-31 23:54:19,936  INFO  [393/526] PYPL  2020-01-01 → 2023-07-30
2026-03-31 23:54:20,063  INFO    PYPL: inserted 899 rows, earliest now 2020-01-02
2026-03-31 23:54:20,564  INFO  [394/526] QCOM  2020-01-01 → 2023-07-30
2026-03-31 23:54:20,814  INFO    QCOM: inserted 899 rows, earliest now 2020-01-02
2026-03-31 23:54:21,315  INFO  [395/526] QQQ  2020-01-01 → 2023-08-13
2026-03-31 23:54:21,473  INFO    QQQ: inserted 909 rows, earliest now 2020-01-02
2026-03-31 23:54:21,973  INFO  [396/526] RCL  2020-01-01 → 2023-07-30
2026-03-31 23:54:22,169  INFO    RCL: inserted 899 rows, earliest now 2020-01-02
2026-03-31 23:54:22,669  INFO  [397/526] REG  2020-01-01 → 2023-07-30
2026-03-31 23:54:22,869  INFO    REG: inserted 899 rows, earliest now 2020-01-02
2026-03-31 23:54:23,370  INFO  [398/526] REGN  2020-01-01 → 2023-07-30
2026-03-31 23:54:23,510  INFO    REGN: inserted 899 rows, earliest now 2020-01-02
2026-03-31 23:54:24,011  INFO  [399/526] RF  2020-01-01 → 2023-07-30
2026-03-31 23:54:24,253  INFO    RF: inserted 899 rows, earliest now 2020-01-02
2026-03-31 23:54:24,754  INFO  [400/526] RJF  2020-01-01 → 2023-07-30
2026-03-31 23:54:24,999  INFO    RJF: inserted 899 rows, earliest now 2020-01-02
2026-03-31 23:54:25,500  INFO  [401/526] RL  2020-01-01 → 2023-07-30
2026-03-31 23:54:25,668  INFO    RL: inserted 899 rows, earliest now 2020-01-02
2026-03-31 23:54:26,169  INFO  [402/526] RMD  2020-01-01 → 2023-07-30
2026-03-31 23:54:26,322  INFO    RMD: inserted 899 rows, earliest now 2020-01-02
2026-03-31 23:54:26,822  INFO  [403/526] ROK  2020-01-01 → 2023-07-30
2026-03-31 23:54:27,088  INFO    ROK: inserted 899 rows, earliest now 2020-01-02
2026-03-31 23:54:27,589  INFO  [404/526] ROL  2020-01-01 → 2023-07-30
2026-03-31 23:54:27,846  INFO    ROL: inserted 899 rows, earliest now 2020-01-02
2026-03-31 23:54:28,346  INFO  [405/526] ROP  2020-01-01 → 2023-07-30
2026-03-31 23:54:28,548  INFO    ROP: inserted 899 rows, earliest now 2020-01-02
2026-03-31 23:54:29,048  INFO  [406/526] ROST  2020-01-01 → 2023-07-30
2026-03-31 23:54:29,275  INFO    ROST: inserted 899 rows, earliest now 2020-01-02
2026-03-31 23:54:29,775  INFO  [407/526] RSG  2020-01-01 → 2023-07-30
2026-03-31 23:54:29,946  INFO    RSG: inserted 899 rows, earliest now 2020-01-02
2026-03-31 23:54:30,447  INFO  [408/526] RTX  2020-01-01 → 2023-07-30
2026-03-31 23:54:30,735  INFO    RTX: inserted 899 rows, earliest now 2020-01-02
2026-03-31 23:54:31,235  INFO  [409/526] RVTY  2020-01-01 → 2023-07-30
2026-03-31 23:54:31,495  INFO    RVTY: inserted 899 rows, earliest now 2020-01-02
2026-03-31 23:54:31,996  INFO  [410/526] SBAC  2020-01-01 → 2023-07-30
2026-03-31 23:54:32,141  INFO    SBAC: inserted 899 rows, earliest now 2020-01-02
2026-03-31 23:54:32,641  INFO  [411/526] SBUX  2020-01-01 → 2023-07-30
2026-03-31 23:54:32,808  INFO    SBUX: inserted 899 rows, earliest now 2020-01-02
2026-03-31 23:54:33,308  INFO  [412/526] SCHW  2020-01-01 → 2023-07-30
2026-03-31 23:54:33,540  INFO    SCHW: inserted 899 rows, earliest now 2020-01-02
2026-03-31 23:54:34,041  INFO  [413/526] SHW  2020-01-01 → 2023-07-30
2026-03-31 23:54:34,271  INFO    SHW: inserted 899 rows, earliest now 2020-01-02
2026-03-31 23:54:34,772  INFO  [414/526] SJM  2020-01-01 → 2023-07-30
2026-03-31 23:54:34,995  INFO    SJM: inserted 899 rows, earliest now 2020-01-02
2026-03-31 23:54:35,496  INFO  [415/526] SLB  2020-01-01 → 2023-07-30
2026-03-31 23:54:35,719  INFO    SLB: inserted 899 rows, earliest now 2020-01-02
2026-03-31 23:54:36,220  INFO  [416/526] SLV  2020-01-01 → 2023-08-13
2026-03-31 23:54:36,343  INFO    SLV: inserted 909 rows, earliest now 2020-01-02
2026-03-31 23:54:36,844  INFO  [417/526] SMCI  2020-01-01 → 2023-07-30
2026-03-31 23:54:36,965  INFO    SMCI: inserted 899 rows, earliest now 2020-01-02
2026-03-31 23:54:37,466  INFO  [418/526] SNA  2020-01-01 → 2023-07-30
2026-03-31 23:54:37,739  INFO    SNA: inserted 899 rows, earliest now 2020-01-02
2026-03-31 23:54:38,240  INFO  [419/526] SNPS  2020-01-01 → 2023-07-30
2026-03-31 23:54:38,353  INFO    SNPS: inserted 899 rows, earliest now 2020-01-02
2026-03-31 23:54:38,854  INFO  [420/526] SO  2020-01-01 → 2023-07-30
2026-03-31 23:54:39,091  INFO    SO: inserted 899 rows, earliest now 2020-01-02
2026-03-31 23:54:39,591  INFO  [421/526] SOLV  2020-01-01 → 2024-03-31
2026-03-31 23:54:39,667  INFO    SOLV: inserted 3 rows, earliest now 2024-03-26
2026-03-31 23:54:40,167  INFO  [422/526] SPG  2020-01-01 → 2023-07-30
2026-03-31 23:54:40,378  INFO    SPG: inserted 899 rows, earliest now 2020-01-02
2026-03-31 23:54:40,878  INFO  [423/526] SPGI  2020-01-01 → 2023-07-30
2026-03-31 23:54:41,103  INFO    SPGI: inserted 899 rows, earliest now 2020-01-02
2026-03-31 23:54:41,604  INFO  [424/526] SPY  2020-01-01 → 2023-08-13
2026-03-31 23:54:41,803  INFO    SPY: inserted 909 rows, earliest now 2020-01-02
2026-03-31 23:54:42,303  INFO  [425/526] SRE  2020-01-01 → 2023-07-30
2026-03-31 23:54:42,512  INFO    SRE: inserted 899 rows, earliest now 2020-01-02
2026-03-31 23:54:43,012  INFO  [426/526] STE  2020-01-01 → 2023-07-30
2026-03-31 23:54:43,181  INFO    STE: inserted 899 rows, earliest now 2020-01-02
2026-03-31 23:54:43,682  INFO  [427/526] STLD  2020-01-01 → 2023-07-30
2026-03-31 23:54:43,868  INFO    STLD: inserted 899 rows, earliest now 2020-01-02
2026-03-31 23:54:44,369  INFO  [428/526] STT  2020-01-01 → 2023-07-30
2026-03-31 23:54:44,617  INFO    STT: inserted 899 rows, earliest now 2020-01-02
2026-03-31 23:54:45,118  INFO  [429/526] STX  2020-01-01 → 2023-07-30
2026-03-31 23:54:45,305  INFO    STX: inserted 899 rows, earliest now 2020-01-02
2026-03-31 23:54:45,805  INFO  [430/526] STZ  2020-01-01 → 2023-07-30
2026-03-31 23:54:45,958  INFO    STZ: inserted 899 rows, earliest now 2020-01-02
2026-03-31 23:54:46,458  INFO  [431/526] SW  2020-01-01 → 2024-07-07
2026-03-31 23:54:46,619  INFO    SW: inserted 1134 rows, earliest now 2020-01-02
2026-03-31 23:54:47,120  INFO  [432/526] SWK  2020-01-01 → 2023-07-30
2026-03-31 23:54:47,330  INFO    SWK: inserted 899 rows, earliest now 2020-01-02
2026-03-31 23:54:47,831  INFO  [433/526] SWKS  2020-01-01 → 2023-07-30
2026-03-31 23:54:47,974  INFO    SWKS: inserted 899 rows, earliest now 2020-01-02
2026-03-31 23:54:48,475  INFO  [434/526] SYF  2020-01-01 → 2023-07-30
2026-03-31 23:54:48,619  INFO    SYF: inserted 899 rows, earliest now 2020-01-02
2026-03-31 23:54:49,120  INFO  [435/526] SYK  2020-01-01 → 2023-07-30
2026-03-31 23:54:49,336  INFO    SYK: inserted 899 rows, earliest now 2020-01-02
2026-03-31 23:54:49,836  INFO  [436/526] SYY  2020-01-01 → 2023-07-30
2026-03-31 23:54:50,057  INFO    SYY: inserted 899 rows, earliest now 2020-01-02
2026-03-31 23:54:50,557  INFO  [437/526] T  2020-01-01 → 2023-07-30
2026-03-31 23:54:50,797  INFO    T: inserted 899 rows, earliest now 2020-01-02
2026-03-31 23:54:51,298  INFO  [438/526] TAP  2020-01-01 → 2023-07-30
2026-03-31 23:54:51,536  INFO    TAP: inserted 899 rows, earliest now 2020-01-02
2026-03-31 23:54:52,037  INFO  [439/526] TDG  2020-01-01 → 2023-07-30
2026-03-31 23:54:52,225  INFO    TDG: inserted 899 rows, earliest now 2020-01-02
2026-03-31 23:54:52,726  INFO  [440/526] TDY  2020-01-01 → 2023-07-30
2026-03-31 23:54:52,843  INFO    TDY: inserted 899 rows, earliest now 2020-01-02
2026-03-31 23:54:53,344  INFO  [441/526] TECH  2020-01-01 → 2023-07-30
2026-03-31 23:54:53,521  INFO    TECH: inserted 899 rows, earliest now 2020-01-02
2026-03-31 23:54:54,022  INFO  [442/526] TEL  2020-01-01 → 2023-07-30
2026-03-31 23:54:54,211  INFO    TEL: inserted 899 rows, earliest now 2020-01-02
2026-03-31 23:54:54,711  INFO  [443/526] TER  2020-01-01 → 2023-07-30
2026-03-31 23:54:54,863  INFO    TER: inserted 899 rows, earliest now 2020-01-02
2026-03-31 23:54:55,364  INFO  [444/526] TFC  2020-01-01 → 2023-07-30
2026-03-31 23:54:55,586  INFO    TFC: inserted 899 rows, earliest now 2020-01-02
2026-03-31 23:54:56,086  INFO  [445/526] TGT  2020-01-01 → 2023-07-30
2026-03-31 23:54:56,309  INFO    TGT: inserted 899 rows, earliest now 2020-01-02
2026-03-31 23:54:56,809  INFO  [446/526] TJX  2020-01-01 → 2023-07-30
2026-03-31 23:54:57,029  INFO    TJX: inserted 899 rows, earliest now 2020-01-02
2026-03-31 23:54:57,529  INFO  [447/526] TKO  2020-01-01 → 2023-09-11
2026-03-31 23:54:57,722  INFO    TKO: inserted 928 rows, earliest now 2020-01-02
2026-03-31 23:54:58,222  INFO  [448/526] TMO  2020-01-01 → 2023-07-30
2026-03-31 23:54:58,398  INFO    TMO: inserted 899 rows, earliest now 2020-01-02
2026-03-31 23:54:58,898  INFO  [449/526] TMUS  2020-01-01 → 2023-07-30
2026-03-31 23:54:59,071  INFO    TMUS: inserted 899 rows, earliest now 2020-01-02
2026-03-31 23:54:59,572  INFO  [450/526] TPL  2020-01-01 → 2023-07-30
2026-03-31 23:54:59,829  INFO    TPL: inserted 899 rows, earliest now 2020-01-02
2026-03-31 23:55:00,329  INFO  [451/526] TPR  2020-01-01 → 2023-07-30
2026-03-31 23:55:00,505  INFO    TPR: inserted 899 rows, earliest now 2020-01-02
2026-03-31 23:55:01,005  INFO  [452/526] TRGP  2020-01-01 → 2023-07-30
2026-03-31 23:55:01,217  INFO    TRGP: inserted 899 rows, earliest now 2020-01-02
2026-03-31 23:55:01,717  INFO  [453/526] TRMB  2020-01-01 → 2023-07-30
2026-03-31 23:55:01,843  INFO    TRMB: inserted 899 rows, earliest now 2020-01-02
2026-03-31 23:55:02,343  INFO  [454/526] TROW  2020-01-01 → 2023-07-30
2026-03-31 23:55:02,593  INFO    TROW: inserted 899 rows, earliest now 2020-01-02
2026-03-31 23:55:03,093  INFO  [455/526] TRV  2020-01-01 → 2023-07-30
2026-03-31 23:55:03,331  INFO    TRV: inserted 899 rows, earliest now 2020-01-02
2026-03-31 23:55:03,831  INFO  [456/526] TSCO  2020-01-01 → 2023-07-30
2026-03-31 23:55:03,997  INFO    TSCO: inserted 899 rows, earliest now 2020-01-02
2026-03-31 23:55:04,498  INFO  [457/526] TSLA  2020-01-01 → 2023-07-30
2026-03-31 23:55:04,634  INFO    TSLA: inserted 899 rows, earliest now 2020-01-02
2026-03-31 23:55:05,135  INFO  [458/526] TSN  2020-01-01 → 2023-07-30
2026-03-31 23:55:05,347  INFO    TSN: inserted 899 rows, earliest now 2020-01-02
2026-03-31 23:55:05,847  INFO  [459/526] TT  2020-01-01 → 2023-07-30
2026-03-31 23:55:06,092  INFO    TT: inserted 899 rows, earliest now 2020-01-02
2026-03-31 23:55:06,593  INFO  [460/526] TTD  2020-01-01 → 2023-07-30
2026-03-31 23:55:06,753  INFO    TTD: inserted 899 rows, earliest now 2020-01-02
2026-03-31 23:55:07,254  INFO  [461/526] TTWO  2020-01-01 → 2023-07-30
2026-03-31 23:55:07,372  INFO    TTWO: inserted 899 rows, earliest now 2020-01-02
2026-03-31 23:55:07,872  INFO  [462/526] TXN  2020-01-01 → 2023-07-30
2026-03-31 23:55:08,148  INFO    TXN: inserted 899 rows, earliest now 2020-01-02
2026-03-31 23:55:08,648  INFO  [463/526] TXT  2020-01-01 → 2023-07-30
2026-03-31 23:55:08,912  INFO    TXT: inserted 899 rows, earliest now 2020-01-02
2026-03-31 23:55:09,413  INFO  [464/526] TYL  2020-01-01 → 2023-07-30
2026-03-31 23:55:09,541  INFO    TYL: inserted 899 rows, earliest now 2020-01-02
2026-03-31 23:55:10,041  INFO  [465/526] UAL  2020-01-01 → 2023-07-30
2026-03-31 23:55:10,154  INFO    UAL: inserted 899 rows, earliest now 2020-01-02
2026-03-31 23:55:10,654  INFO  [466/526] UBER  2020-01-01 → 2023-07-30
2026-03-31 23:55:10,767  INFO    UBER: inserted 899 rows, earliest now 2020-01-02
2026-03-31 23:55:11,267  INFO  [467/526] UDR  2020-01-01 → 2023-07-30
2026-03-31 23:55:11,517  INFO    UDR: inserted 899 rows, earliest now 2020-01-02
2026-03-31 23:55:12,018  INFO  [468/526] UHS  2020-01-01 → 2023-07-30
2026-03-31 23:55:12,214  INFO    UHS: inserted 899 rows, earliest now 2020-01-02
2026-03-31 23:55:12,714  INFO  [469/526] ULTA  2020-01-01 → 2023-07-30
2026-03-31 23:55:12,867  INFO    ULTA: inserted 899 rows, earliest now 2020-01-02
2026-03-31 23:55:13,367  INFO  [470/526] UNH  2020-01-01 → 2023-07-30
2026-03-31 23:55:13,569  INFO    UNH: inserted 899 rows, earliest now 2020-01-02
2026-03-31 23:55:14,069  INFO  [471/526] UNP  2020-01-01 → 2023-07-30
2026-03-31 23:55:14,344  INFO    UNP: inserted 899 rows, earliest now 2020-01-02
2026-03-31 23:55:14,845  INFO  [472/526] UPS  2020-01-01 → 2023-07-30
2026-03-31 23:55:15,020  INFO    UPS: inserted 899 rows, earliest now 2020-01-02
2026-03-31 23:55:15,520  INFO  [473/526] URI  2020-01-01 → 2023-07-30
2026-03-31 23:55:15,692  INFO    URI: inserted 899 rows, earliest now 2020-01-02
2026-03-31 23:55:16,193  INFO  [474/526] USB  2020-01-01 → 2023-07-30
2026-03-31 23:55:16,409  INFO    USB: inserted 899 rows, earliest now 2020-01-02
2026-03-31 23:55:16,909  INFO  [475/526] V  2020-01-01 → 2023-07-30
2026-03-31 23:55:17,076  INFO    V: inserted 899 rows, earliest now 2020-01-02
2026-03-31 23:55:17,576  INFO  [476/526] VEA  2020-01-01 → 2023-08-13
2026-03-31 23:55:17,753  INFO    VEA: inserted 909 rows, earliest now 2020-01-02
2026-03-31 23:55:18,253  INFO  [477/526] VICI  2020-01-01 → 2023-07-30
2026-03-31 23:55:18,390  INFO    VICI: inserted 899 rows, earliest now 2020-01-02
2026-03-31 23:55:18,890  INFO  [478/526] VLO  2020-01-01 → 2023-07-30
2026-03-31 23:55:19,117  INFO    VLO: inserted 899 rows, earliest now 2020-01-02
2026-03-31 23:55:19,617  INFO  [479/526] VLTO  2020-01-01 → 2023-10-01
2026-03-31 23:55:19,809  ERROR  $VLTO: possibly delisted; no price data found  (1d 2020-01-01 -> 2023-10-01) (Yahoo error = "Data doesn't exist for startDate = 1577854800, endDate = 1696132800")
2026-03-31 23:55:19,810  ERROR  
1 Failed download:
2026-03-31 23:55:19,810  ERROR  ['VLTO']: possibly delisted; no price data found  (1d 2020-01-01 -> 2023-10-01) (Yahoo error = "Data doesn't exist for startDate = 1577854800, endDate = 1696132800")
2026-03-31 23:55:19,811  INFO    VLTO: no data returned
2026-03-31 23:55:20,311  INFO  [480/526] VMC  2020-01-01 → 2023-07-30
2026-03-31 23:55:20,554  INFO    VMC: inserted 899 rows, earliest now 2020-01-02
2026-03-31 23:55:21,055  INFO  [481/526] VNQ  2020-01-01 → 2023-08-13
2026-03-31 23:55:21,278  INFO    VNQ: inserted 909 rows, earliest now 2020-01-02
2026-03-31 23:55:21,779  INFO  [482/526] VOO  2020-01-01 → 2023-08-13
2026-03-31 23:55:21,940  INFO    VOO: inserted 909 rows, earliest now 2020-01-02
2026-03-31 23:55:22,440  INFO  [483/526] VRSK  2020-01-01 → 2023-07-30
2026-03-31 23:55:22,583  INFO    VRSK: inserted 899 rows, earliest now 2020-01-02
2026-03-31 23:55:23,083  INFO  [484/526] VRSN  2020-01-01 → 2023-07-30
2026-03-31 23:55:23,249  INFO    VRSN: inserted 899 rows, earliest now 2020-01-02
2026-03-31 23:55:23,749  INFO  [485/526] VRTX  2020-01-01 → 2023-07-30
2026-03-31 23:55:23,860  INFO    VRTX: inserted 899 rows, earliest now 2020-01-02
2026-03-31 23:55:24,360  INFO  [486/526] VST  2020-01-01 → 2023-07-30
2026-03-31 23:55:24,504  INFO    VST: inserted 899 rows, earliest now 2020-01-02
2026-03-31 23:55:25,004  INFO  [487/526] VTI  2020-01-01 → 2023-08-13
2026-03-31 23:55:25,191  INFO    VTI: inserted 909 rows, earliest now 2020-01-02
2026-03-31 23:55:25,692  INFO  [488/526] VTR  2020-01-01 → 2023-07-30
2026-03-31 23:55:25,876  INFO    VTR: inserted 899 rows, earliest now 2020-01-02
2026-03-31 23:55:26,376  INFO  [489/526] VTRS  2020-01-01 → 2023-07-30
2026-03-31 23:55:26,596  INFO    VTRS: inserted 899 rows, earliest now 2020-01-02
2026-03-31 23:55:27,096  INFO  [490/526] VWO  2020-01-01 → 2023-08-13
2026-03-31 23:55:27,278  INFO    VWO: inserted 909 rows, earliest now 2020-01-02
2026-03-31 23:55:27,779  INFO  [491/526] VZ  2020-01-01 → 2023-07-30
2026-03-31 23:55:28,009  INFO    VZ: inserted 899 rows, earliest now 2020-01-02
2026-03-31 23:55:28,509  INFO  [492/526] WAB  2020-01-01 → 2023-07-30
2026-03-31 23:55:28,704  INFO    WAB: inserted 899 rows, earliest now 2020-01-02
2026-03-31 23:55:29,204  INFO  [493/526] WAT  2020-01-01 → 2023-07-30
2026-03-31 23:55:29,332  INFO    WAT: inserted 899 rows, earliest now 2020-01-02
2026-03-31 23:55:29,833  INFO  [494/526] WBA  2020-01-01 → 2023-07-30
2026-03-31 23:55:29,976  ERROR  $WBA: possibly delisted; no timezone found
2026-03-31 23:55:29,976  ERROR  
1 Failed download:
2026-03-31 23:55:29,976  ERROR  ['WBA']: possibly delisted; no timezone found
2026-03-31 23:55:29,978  INFO    WBA: no data returned
2026-03-31 23:55:30,478  INFO  [495/526] WBD  2020-01-01 → 2023-07-30
2026-03-31 23:55:30,616  INFO    WBD: inserted 899 rows, earliest now 2020-01-02
2026-03-31 23:55:31,117  INFO  [496/526] WDAY  2020-01-01 → 2023-07-30
2026-03-31 23:55:31,234  INFO    WDAY: inserted 899 rows, earliest now 2020-01-02
2026-03-31 23:55:31,734  INFO  [497/526] WDC  2020-01-01 → 2023-07-30
2026-03-31 23:55:31,888  INFO    WDC: inserted 899 rows, earliest now 2020-01-02
2026-03-31 23:55:32,389  INFO  [498/526] WEC  2020-01-01 → 2023-07-30
2026-03-31 23:55:32,626  INFO    WEC: inserted 899 rows, earliest now 2020-01-02
2026-03-31 23:55:33,126  INFO  [499/526] WELL  2020-01-01 → 2023-07-30
2026-03-31 23:55:33,343  INFO    WELL: inserted 899 rows, earliest now 2020-01-02
2026-03-31 23:55:33,844  INFO  [500/526] WFC  2020-01-01 → 2023-07-30
2026-03-31 23:55:34,076  INFO    WFC: inserted 899 rows, earliest now 2020-01-02
2026-03-31 23:55:34,577  INFO  [501/526] WM  2020-01-01 → 2023-07-30
2026-03-31 23:55:34,786  INFO    WM: inserted 899 rows, earliest now 2020-01-02
2026-03-31 23:55:35,287  INFO  [502/526] WMB  2020-01-01 → 2023-07-30
2026-03-31 23:55:35,553  INFO    WMB: inserted 899 rows, earliest now 2020-01-02
2026-03-31 23:55:36,054  INFO  [503/526] WMT  2020-01-01 → 2023-07-30
2026-03-31 23:55:36,350  INFO    WMT: inserted 899 rows, earliest now 2020-01-02
2026-03-31 23:55:36,851  INFO  [504/526] WRB  2020-01-01 → 2023-07-30
2026-03-31 23:55:37,112  INFO    WRB: inserted 899 rows, earliest now 2020-01-02
2026-03-31 23:55:37,613  INFO  [505/526] WSM  2020-01-01 → 2023-07-30
2026-03-31 23:55:37,777  INFO    WSM: inserted 899 rows, earliest now 2020-01-02
2026-03-31 23:55:38,278  INFO  [506/526] WST  2020-01-01 → 2023-07-30
2026-03-31 23:55:38,514  INFO    WST: inserted 899 rows, earliest now 2020-01-02
2026-03-31 23:55:39,014  INFO  [507/526] WTW  2020-01-01 → 2023-07-30
2026-03-31 23:55:39,189  INFO    WTW: inserted 899 rows, earliest now 2020-01-02
2026-03-31 23:55:39,690  INFO  [508/526] WY  2020-01-01 → 2023-07-30
2026-03-31 23:55:39,913  INFO    WY: inserted 899 rows, earliest now 2020-01-02
2026-03-31 23:55:40,414  INFO  [509/526] WYNN  2020-01-01 → 2023-07-30
2026-03-31 23:55:40,619  INFO    WYNN: inserted 899 rows, earliest now 2020-01-02
2026-03-31 23:55:41,119  INFO  [510/526] XEL  2020-01-01 → 2023-07-30
2026-03-31 23:55:41,355  INFO    XEL: inserted 899 rows, earliest now 2020-01-02
2026-03-31 23:55:41,855  INFO  [511/526] XLB  2020-01-01 → 2023-08-13
2026-03-31 23:55:42,034  INFO    XLB: inserted 909 rows, earliest now 2020-01-02
2026-03-31 23:55:42,535  INFO  [512/526] XLC  2020-01-01 → 2023-08-13
2026-03-31 23:55:42,694  INFO    XLC: inserted 909 rows, earliest now 2020-01-02
2026-03-31 23:55:43,195  INFO  [513/526] XLE  2020-01-01 → 2023-08-13
2026-03-31 23:55:43,408  INFO    XLE: inserted 909 rows, earliest now 2020-01-02
2026-03-31 23:55:43,908  INFO  [514/526] XLF  2020-01-01 → 2023-08-13
2026-03-31 23:55:44,128  INFO    XLF: inserted 909 rows, earliest now 2020-01-02
2026-03-31 23:55:44,628  INFO  [515/526] XLI  2020-01-01 → 2023-08-13
2026-03-31 23:55:44,831  INFO    XLI: inserted 909 rows, earliest now 2020-01-02
2026-03-31 23:55:45,332  INFO  [516/526] XLK  2020-01-01 → 2023-08-13
2026-03-31 23:55:45,526  INFO    XLK: inserted 909 rows, earliest now 2020-01-02
2026-03-31 23:55:46,027  INFO  [517/526] XLP  2020-01-01 → 2023-08-13
2026-03-31 23:55:46,249  INFO    XLP: inserted 909 rows, earliest now 2020-01-02
2026-03-31 23:55:46,750  INFO  [518/526] XLRE  2020-01-01 → 2023-08-13
2026-03-31 23:55:46,892  INFO    XLRE: inserted 909 rows, earliest now 2020-01-02
2026-03-31 23:55:47,393  INFO  [519/526] XLV  2020-01-01 → 2023-08-13
2026-03-31 23:55:47,579  INFO    XLV: inserted 909 rows, earliest now 2020-01-02
2026-03-31 23:55:48,080  INFO  [520/526] XLY  2020-01-01 → 2023-08-13
2026-03-31 23:55:48,280  INFO    XLY: inserted 909 rows, earliest now 2020-01-02
2026-03-31 23:55:48,780  INFO  [521/526] XOM  2020-01-01 → 2023-07-30
2026-03-31 23:55:49,098  INFO    XOM: inserted 899 rows, earliest now 2020-01-02
2026-03-31 23:55:49,598  INFO  [522/526] XYL  2020-01-01 → 2023-07-30
2026-03-31 23:55:49,757  INFO    XYL: inserted 899 rows, earliest now 2020-01-02
2026-03-31 23:55:50,258  INFO  [523/526] YUM  2020-01-01 → 2023-07-30
2026-03-31 23:55:50,422  INFO    YUM: inserted 899 rows, earliest now 2020-01-02
2026-03-31 23:55:50,923  INFO  [524/526] ZBH  2020-01-01 → 2023-07-30
2026-03-31 23:55:51,117  INFO    ZBH: inserted 899 rows, earliest now 2020-01-02
2026-03-31 23:55:51,618  INFO  [525/526] ZBRA  2020-01-01 → 2023-07-30
2026-03-31 23:55:51,779  INFO    ZBRA: inserted 899 rows, earliest now 2020-01-02
2026-03-31 23:55:52,279  INFO  [526/526] ZTS  2020-01-01 → 2023-07-30
2026-03-31 23:55:52,432  INFO    ZTS: inserted 899 rows, earliest now 2020-01-02
2026-03-31 23:55:52,933  INFO  Done. Total rows inserted: 460640
2026-03-31 23:55:52,989  INFO  0/526 tickers now reach 2020-01-01
